2023-11-11 17:25:44.018 INFO  org.hibernate.validator.internal.util.Version     :21   [32m                  [0;39m HV000001: Hibernate Validator 8.0.0.Final
2023-11-11 17:25:44.134 INFO  com.jiawa.train.member.config.MemberApplication   :51   [32m                  [0;39m Starting MemberApplication using Java 17.0.4.1 with PID 18656 (E:\Springboot\train1\member\target\classes started by MK in E:\Springboot\train1)
2023-11-11 17:25:44.135 INFO  com.jiawa.train.member.config.MemberApplication   :630  [32m                  [0;39m No active profile set, falling back to 1 default profile: "default"
2023-11-11 17:25:44.203 INFO  o.s.b.d.env.DevToolsPropertyDefaultsPostProcessor :250  [32m                  [0;39m Devtools property defaults active! Set 'spring.devtools.add-properties' to 'false' to disable
2023-11-11 17:25:44.204 INFO  o.s.b.d.env.DevToolsPropertyDefaultsPostProcessor :250  [32m                  [0;39m For additional web related logging consider setting the 'logging.level.web' property to 'DEBUG'
2023-11-11 17:25:46.572 INFO  o.springframework.cloud.context.scope.GenericScope:282  [32m                  [0;39m BeanFactory id=b51d6f25-f5f0-38de-882a-1bde2b617ce2
2023-11-11 17:25:48.091 INFO  o.s.boot.web.embedded.tomcat.TomcatWebServer      :114  [32m                  [0;39m Tomcat initialized with port(s): 8082 (http)
2023-11-11 17:25:48.163 INFO  org.apache.coyote.http11.Http11NioProtocol        :173  [32m                  [0;39m Initializing ProtocolHandler ["http-nio-8082"]
2023-11-11 17:25:48.164 INFO  org.apache.catalina.core.StandardService          :173  [32m                  [0;39m Starting service [Tomcat]
2023-11-11 17:25:48.164 INFO  org.apache.catalina.core.StandardEngine           :173  [32m                  [0;39m Starting Servlet engine: [Apache Tomcat/10.1.1]
2023-11-11 17:25:48.291 INFO  o.a.c.c.C.[Tomcat].[localhost].[/member]          :173  [32m                  [0;39m Initializing Spring embedded WebApplicationContext
2023-11-11 17:25:48.292 INFO  o.s.b.w.s.c.ServletWebServerApplicationContext    :291  [32m                  [0;39m Root WebApplicationContext: initialization completed in 4086 ms
2023-11-11 17:25:50.060 WARN  o.s.core.LocalVariableTableParameterNameDiscoverer:123  [32m                  [0;39m Using deprecated '-debug' fallback for parameter name resolution. Compile the affected code with '-parameters' instead or avoid its introspection: com.github.pagehelper.autoconfigure.PageHelperStandardProperties
2023-11-11 17:25:50.402 INFO  o.s.b.d.autoconfigure.OptionalLiveReloadServer    :59   [32m                  [0;39m LiveReload server is running on port 35729
2023-11-11 17:25:50.588 INFO  org.apache.coyote.http11.Http11NioProtocol        :173  [32m                  [0;39m Starting ProtocolHandler ["http-nio-8082"]
2023-11-11 17:25:50.606 INFO  o.s.boot.web.embedded.tomcat.TomcatWebServer      :226  [32m                  [0;39m Tomcat started on port(s): 8082 (http) with context path '/member'
2023-11-11 17:25:50.704 INFO  com.jiawa.train.member.config.MemberApplication   :57   [32m                  [0;39m Started MemberApplication in 7.714 seconds (process running for 10.476)
2023-11-11 17:25:50.708 INFO  com.jiawa.train.member.config.MemberApplication   :23   [32m                  [0;39m 启动成功！！
2023-11-11 17:25:50.708 INFO  com.jiawa.train.member.config.MemberApplication   :24   [32m                  [0;39m 测试地址: 	http://127.0.0.1:8082/member/hello
2023-11-11 17:44:57.843 INFO  o.a.c.c.C.[Tomcat].[localhost].[/member]          :173  [32m                  [0;39m Initializing Spring DispatcherServlet 'dispatcherServlet'
2023-11-11 17:44:57.844 INFO  org.springframework.web.servlet.DispatcherServlet :525  [32m                  [0;39m Initializing Servlet 'dispatcherServlet'
2023-11-11 17:44:57.845 INFO  org.springframework.web.servlet.DispatcherServlet :547  [32m                  [0;39m Completed initialization in 1 ms
2023-11-11 17:44:58.037 INFO  com.jiawa.train.common.aspect.LogAspect           :48   [32m1699695897878q8w  [0;39m ------------- 开始 -------------
2023-11-11 17:44:58.038 INFO  com.jiawa.train.common.aspect.LogAspect           :49   [32m1699695897878q8w  [0;39m 请求地址: http://127.0.0.1:8082/member/member/send-code POST
2023-11-11 17:44:58.038 INFO  com.jiawa.train.common.aspect.LogAspect           :50   [32m1699695897878q8w  [0;39m 类名方法: com.jiawa.train.member.controller.MemberController.sendCode
2023-11-11 17:44:58.038 INFO  com.jiawa.train.common.aspect.LogAspect           :51   [32m1699695897878q8w  [0;39m 远程地址: 127.0.0.1
2023-11-11 17:44:58.142 INFO  com.jiawa.train.common.aspect.LogAspect           :72   [32m1699695897878q8w  [0;39m 请求参数: [{"mobile":"13000000000"}]
2023-11-11 17:44:58.206 INFO  com.zaxxer.hikari.HikariDataSource                :110  [32m1699695897878q8w  [0;39m HikariPool-1 - Starting...
2023-11-11 17:44:58.474 INFO  com.zaxxer.hikari.pool.HikariPool                 :565  [32m1699695897878q8w  [0;39m HikariPool-1 - Added connection com.mysql.cj.jdbc.ConnectionImpl@7e60e941
2023-11-11 17:44:58.479 INFO  com.zaxxer.hikari.HikariDataSource                :123  [32m1699695897878q8w  [0;39m HikariPool-1 - Start completed.
2023-11-11 17:44:58.618 INFO  com.jiawa.train.member.service.MemberService      :71   [32m1699695897878q8w  [0;39m 手机号存在，不插入记录
2023-11-11 17:44:58.618 INFO  com.jiawa.train.member.service.MemberService      :76   [32m1699695897878q8w  [0;39m 生成短信验证码：ztei
2023-11-11 17:44:58.619 INFO  com.jiawa.train.member.service.MemberService      :79   [32m1699695897878q8w  [0;39m 保存短信记录表
2023-11-11 17:44:58.619 INFO  com.jiawa.train.member.service.MemberService      :82   [32m1699695897878q8w  [0;39m 对接短信通道
2023-11-11 17:44:58.621 INFO  com.jiawa.train.common.aspect.LogAspect           :84   [32m1699695897878q8w  [0;39m 返回结果: {"success":true}
2023-11-11 17:44:58.622 INFO  com.jiawa.train.common.aspect.LogAspect           :85   [32m1699695897878q8w  [0;39m ------------- 结束 耗时：586 ms -------------
2023-11-11 17:44:59.711 INFO  com.jiawa.train.common.aspect.LogAspect           :48   [32m1699695899703rui  [0;39m ------------- 开始 -------------
2023-11-11 17:44:59.712 INFO  com.jiawa.train.common.aspect.LogAspect           :49   [32m1699695899703rui  [0;39m 请求地址: http://127.0.0.1:8082/member/member/login POST
2023-11-11 17:44:59.712 INFO  com.jiawa.train.common.aspect.LogAspect           :50   [32m1699695899703rui  [0;39m 类名方法: com.jiawa.train.member.controller.MemberController.login
2023-11-11 17:44:59.712 INFO  com.jiawa.train.common.aspect.LogAspect           :51   [32m1699695899703rui  [0;39m 远程地址: 127.0.0.1
2023-11-11 17:44:59.713 INFO  com.jiawa.train.common.aspect.LogAspect           :72   [32m1699695899703rui  [0;39m 请求参数: [{"code":"8888","mobile":"13000000000"}]
2023-11-11 17:45:00.630 INFO  com.jiawa.train.common.util.JwtUtil               :37   [32m1699695899703rui  [0;39m 生成JWT token：eyJ0eXAiOiJKV1QiLCJhbGciOiJIUzI1NiJ9.eyJuYmYiOjE2OTk2OTU4OTksIm1vYmlsZSI6IjEzMDAwMDAwMDAwIiwiaWQiOjE3MTk5MTMxNzM2OTc1NjQ2NzIsImV4cCI6MTY5OTc4MjI5OSwiaWF0IjoxNjk5Njk1ODk5fQ.fvax16z-rSQl2ovHkrAWhkpUTafqTkQ8Q8CD4pynR0c
2023-11-11 17:45:00.631 INFO  com.jiawa.train.common.aspect.LogAspect           :84   [32m1699695899703rui  [0;39m 返回结果: {"content":{"id":1719913173697564672,"mobile":"13000000000","token":"eyJ0eXAiOiJKV1QiLCJhbGciOiJIUzI1NiJ9.eyJuYmYiOjE2OTk2OTU4OTksIm1vYmlsZSI6IjEzMDAwMDAwMDAwIiwiaWQiOjE3MTk5MTMxNzM2OTc1NjQ2NzIsImV4cCI6MTY5OTc4MjI5OSwiaWF0IjoxNjk5Njk1ODk5fQ.fvax16z-rSQl2ovHkrAWhkpUTafqTkQ8Q8CD4pynR0c"},"success":true}
2023-11-11 17:45:00.632 INFO  com.jiawa.train.common.aspect.LogAspect           :85   [32m1699695899703rui  [0;39m ------------- 结束 耗时：921 ms -------------
2023-11-11 18:36:08.643 INFO  org.hibernate.validator.internal.util.Version     :21   [32m                  [0;39m HV000001: Hibernate Validator 8.0.0.Final
2023-11-11 18:36:08.680 INFO  c.jiawa.train.business.config.BusinessApplication :51   [32m                  [0;39m Starting BusinessApplication using Java 17.0.4.1 with PID 14588 (E:\Springboot\train1\business\target\classes started by MK in E:\Springboot\train1)
2023-11-11 18:36:08.681 INFO  c.jiawa.train.business.config.BusinessApplication :630  [32m                  [0;39m No active profile set, falling back to 1 default profile: "default"
2023-11-11 18:36:08.730 INFO  o.s.b.d.env.DevToolsPropertyDefaultsPostProcessor :250  [32m                  [0;39m Devtools property defaults active! Set 'spring.devtools.add-properties' to 'false' to disable
2023-11-11 18:36:08.731 INFO  o.s.b.d.env.DevToolsPropertyDefaultsPostProcessor :250  [32m                  [0;39m For additional web related logging consider setting the 'logging.level.web' property to 'DEBUG'
2023-11-11 18:36:09.402 WARN  org.mybatis.spring.mapper.ClassPathMapperScanner  :44   [32m                  [0;39m No MyBatis mapper was found in '[com.jiawa.train.*.mapper]' package. Please check your configuration.
2023-11-11 18:36:09.482 INFO  o.springframework.cloud.context.scope.GenericScope:282  [32m                  [0;39m BeanFactory id=9b87ff44-b9a2-3f29-b13f-b79ee2cf92a6
2023-11-11 18:36:10.134 INFO  o.s.boot.web.embedded.tomcat.TomcatWebServer      :114  [32m                  [0;39m Tomcat initialized with port(s): 8082 (http)
2023-11-11 18:36:10.140 INFO  org.apache.coyote.http11.Http11NioProtocol        :173  [32m                  [0;39m Initializing ProtocolHandler ["http-nio-8082"]
2023-11-11 18:36:10.141 INFO  org.apache.catalina.core.StandardService          :173  [32m                  [0;39m Starting service [Tomcat]
2023-11-11 18:36:10.141 INFO  org.apache.catalina.core.StandardEngine           :173  [32m                  [0;39m Starting Servlet engine: [Apache Tomcat/10.1.1]
2023-11-11 18:36:10.190 INFO  o.a.c.c.C.[Tomcat].[localhost].[/member]          :173  [32m                  [0;39m Initializing Spring embedded WebApplicationContext
2023-11-11 18:36:10.190 INFO  o.s.b.w.s.c.ServletWebServerApplicationContext    :291  [32m                  [0;39m Root WebApplicationContext: initialization completed in 1459 ms
2023-11-11 18:36:10.642 WARN  o.s.core.LocalVariableTableParameterNameDiscoverer:123  [32m                  [0;39m Using deprecated '-debug' fallback for parameter name resolution. Compile the affected code with '-parameters' instead or avoid its introspection: com.github.pagehelper.autoconfigure.PageHelperStandardProperties
2023-11-11 18:36:10.804 WARN  o.s.b.d.autoconfigure.OptionalLiveReloadServer    :62   [32m                  [0;39m Unable to start LiveReload server
2023-11-11 18:36:10.941 INFO  org.apache.coyote.http11.Http11NioProtocol        :173  [32m                  [0;39m Starting ProtocolHandler ["http-nio-8082"]
2023-11-11 18:36:10.944 WARN  o.s.b.w.s.c.AnnotationConfigServletWebServerApplicationContext:592  [32m                  [0;39m Exception encountered during context initialization - cancelling refresh attempt: org.springframework.context.ApplicationContextException: Failed to start bean 'webServerStartStop'
2023-11-11 18:36:10.949 INFO  org.apache.coyote.http11.Http11NioProtocol        :173  [32m                  [0;39m Pausing ProtocolHandler ["http-nio-8082"]
2023-11-11 18:36:10.950 INFO  org.apache.catalina.core.StandardService          :173  [32m                  [0;39m Stopping service [Tomcat]
2023-11-11 18:36:10.954 INFO  org.apache.coyote.http11.Http11NioProtocol        :173  [32m                  [0;39m Stopping ProtocolHandler ["http-nio-8082"]
2023-11-11 18:36:10.955 INFO  org.apache.coyote.http11.Http11NioProtocol        :173  [32m                  [0;39m Destroying ProtocolHandler ["http-nio-8082"]
2023-11-11 18:36:10.962 INFO  o.s.b.a.logging.ConditionEvaluationReportLogger   :82   [32m                  [0;39m 

Error starting ApplicationContext. To display the condition evaluation report re-run your application with 'debug' enabled.
2023-11-11 18:36:11.072 ERROR o.s.b.diagnostics.LoggingFailureAnalysisReporter  :40   [32m                  [0;39m 

***************************
APPLICATION FAILED TO START
***************************

Description:

Web server failed to start. Port 8082 was already in use.

Action:

Identify and stop the process that's listening on port 8082 or configure this application to listen on another port.

2023-11-11 18:36:58.076 INFO  org.hibernate.validator.internal.util.Version     :21   [32m                  [0;39m HV000001: Hibernate Validator 8.0.0.Final
2023-11-11 18:36:58.112 INFO  c.jiawa.train.business.config.BusinessApplication :51   [32m                  [0;39m Starting BusinessApplication using Java 17.0.4.1 with PID 9476 (E:\Springboot\train1\business\target\classes started by MK in E:\Springboot\train1)
2023-11-11 18:36:58.114 INFO  c.jiawa.train.business.config.BusinessApplication :630  [32m                  [0;39m No active profile set, falling back to 1 default profile: "default"
2023-11-11 18:36:58.164 INFO  o.s.b.d.env.DevToolsPropertyDefaultsPostProcessor :250  [32m                  [0;39m Devtools property defaults active! Set 'spring.devtools.add-properties' to 'false' to disable
2023-11-11 18:36:58.164 INFO  o.s.b.d.env.DevToolsPropertyDefaultsPostProcessor :250  [32m                  [0;39m For additional web related logging consider setting the 'logging.level.web' property to 'DEBUG'
2023-11-11 18:36:58.733 WARN  org.mybatis.spring.mapper.ClassPathMapperScanner  :44   [32m                  [0;39m No MyBatis mapper was found in '[com.jiawa.train.*.mapper]' package. Please check your configuration.
2023-11-11 18:36:58.801 INFO  o.springframework.cloud.context.scope.GenericScope:282  [32m                  [0;39m BeanFactory id=9b87ff44-b9a2-3f29-b13f-b79ee2cf92a6
2023-11-11 18:36:59.342 INFO  o.s.boot.web.embedded.tomcat.TomcatWebServer      :114  [32m                  [0;39m Tomcat initialized with port(s): 8082 (http)
2023-11-11 18:36:59.348 INFO  org.apache.coyote.http11.Http11NioProtocol        :173  [32m                  [0;39m Initializing ProtocolHandler ["http-nio-8082"]
2023-11-11 18:36:59.349 INFO  org.apache.catalina.core.StandardService          :173  [32m                  [0;39m Starting service [Tomcat]
2023-11-11 18:36:59.349 INFO  org.apache.catalina.core.StandardEngine           :173  [32m                  [0;39m Starting Servlet engine: [Apache Tomcat/10.1.1]
2023-11-11 18:36:59.395 INFO  o.a.c.c.C.[Tomcat].[localhost].[/member]          :173  [32m                  [0;39m Initializing Spring embedded WebApplicationContext
2023-11-11 18:36:59.395 INFO  o.s.b.w.s.c.ServletWebServerApplicationContext    :291  [32m                  [0;39m Root WebApplicationContext: initialization completed in 1230 ms
2023-11-11 18:36:59.838 WARN  o.s.core.LocalVariableTableParameterNameDiscoverer:123  [32m                  [0;39m Using deprecated '-debug' fallback for parameter name resolution. Compile the affected code with '-parameters' instead or avoid its introspection: com.github.pagehelper.autoconfigure.PageHelperStandardProperties
2023-11-11 18:36:59.998 WARN  o.s.b.d.autoconfigure.OptionalLiveReloadServer    :62   [32m                  [0;39m Unable to start LiveReload server
2023-11-11 18:37:00.137 INFO  org.apache.coyote.http11.Http11NioProtocol        :173  [32m                  [0;39m Starting ProtocolHandler ["http-nio-8082"]
2023-11-11 18:37:00.140 WARN  o.s.b.w.s.c.AnnotationConfigServletWebServerApplicationContext:592  [32m                  [0;39m Exception encountered during context initialization - cancelling refresh attempt: org.springframework.context.ApplicationContextException: Failed to start bean 'webServerStartStop'
2023-11-11 18:37:00.146 INFO  org.apache.coyote.http11.Http11NioProtocol        :173  [32m                  [0;39m Pausing ProtocolHandler ["http-nio-8082"]
2023-11-11 18:37:00.146 INFO  org.apache.catalina.core.StandardService          :173  [32m                  [0;39m Stopping service [Tomcat]
2023-11-11 18:37:00.150 INFO  org.apache.coyote.http11.Http11NioProtocol        :173  [32m                  [0;39m Stopping ProtocolHandler ["http-nio-8082"]
2023-11-11 18:37:00.151 INFO  org.apache.coyote.http11.Http11NioProtocol        :173  [32m                  [0;39m Destroying ProtocolHandler ["http-nio-8082"]
2023-11-11 18:37:00.159 INFO  o.s.b.a.logging.ConditionEvaluationReportLogger   :82   [32m                  [0;39m 

Error starting ApplicationContext. To display the condition evaluation report re-run your application with 'debug' enabled.
2023-11-11 18:37:00.174 ERROR o.s.b.diagnostics.LoggingFailureAnalysisReporter  :40   [32m                  [0;39m 

***************************
APPLICATION FAILED TO START
***************************

Description:

Web server failed to start. Port 8082 was already in use.

Action:

Identify and stop the process that's listening on port 8082 or configure this application to listen on another port.

2023-11-11 18:37:53.672 INFO  org.hibernate.validator.internal.util.Version     :21   [32m                  [0;39m HV000001: Hibernate Validator 8.0.0.Final
2023-11-11 18:37:53.707 INFO  c.jiawa.train.business.config.BusinessApplication :51   [32m                  [0;39m Starting BusinessApplication using Java 17.0.4.1 with PID 18680 (E:\Springboot\train1\business\target\classes started by MK in E:\Springboot\train1)
2023-11-11 18:37:53.708 INFO  c.jiawa.train.business.config.BusinessApplication :630  [32m                  [0;39m No active profile set, falling back to 1 default profile: "default"
2023-11-11 18:37:53.767 INFO  o.s.b.d.env.DevToolsPropertyDefaultsPostProcessor :250  [32m                  [0;39m Devtools property defaults active! Set 'spring.devtools.add-properties' to 'false' to disable
2023-11-11 18:37:53.767 INFO  o.s.b.d.env.DevToolsPropertyDefaultsPostProcessor :250  [32m                  [0;39m For additional web related logging consider setting the 'logging.level.web' property to 'DEBUG'
2023-11-11 18:37:54.337 WARN  org.mybatis.spring.mapper.ClassPathMapperScanner  :44   [32m                  [0;39m No MyBatis mapper was found in '[com.jiawa.train.*.mapper]' package. Please check your configuration.
2023-11-11 18:37:54.403 INFO  o.springframework.cloud.context.scope.GenericScope:282  [32m                  [0;39m BeanFactory id=9b87ff44-b9a2-3f29-b13f-b79ee2cf92a6
2023-11-11 18:37:54.940 INFO  o.s.boot.web.embedded.tomcat.TomcatWebServer      :114  [32m                  [0;39m Tomcat initialized with port(s): 8082 (http)
2023-11-11 18:37:54.947 INFO  org.apache.coyote.http11.Http11NioProtocol        :173  [32m                  [0;39m Initializing ProtocolHandler ["http-nio-8082"]
2023-11-11 18:37:54.947 INFO  org.apache.catalina.core.StandardService          :173  [32m                  [0;39m Starting service [Tomcat]
2023-11-11 18:37:54.947 INFO  org.apache.catalina.core.StandardEngine           :173  [32m                  [0;39m Starting Servlet engine: [Apache Tomcat/10.1.1]
2023-11-11 18:37:54.993 INFO  o.a.c.c.C.[Tomcat].[localhost].[/member]          :173  [32m                  [0;39m Initializing Spring embedded WebApplicationContext
2023-11-11 18:37:54.993 INFO  o.s.b.w.s.c.ServletWebServerApplicationContext    :291  [32m                  [0;39m Root WebApplicationContext: initialization completed in 1224 ms
2023-11-11 18:37:55.424 WARN  o.s.core.LocalVariableTableParameterNameDiscoverer:123  [32m                  [0;39m Using deprecated '-debug' fallback for parameter name resolution. Compile the affected code with '-parameters' instead or avoid its introspection: com.github.pagehelper.autoconfigure.PageHelperStandardProperties
2023-11-11 18:37:55.595 WARN  o.s.b.d.autoconfigure.OptionalLiveReloadServer    :62   [32m                  [0;39m Unable to start LiveReload server
2023-11-11 18:37:55.733 INFO  org.apache.coyote.http11.Http11NioProtocol        :173  [32m                  [0;39m Starting ProtocolHandler ["http-nio-8082"]
2023-11-11 18:37:55.738 WARN  o.s.b.w.s.c.AnnotationConfigServletWebServerApplicationContext:592  [32m                  [0;39m Exception encountered during context initialization - cancelling refresh attempt: org.springframework.context.ApplicationContextException: Failed to start bean 'webServerStartStop'
2023-11-11 18:37:55.743 INFO  org.apache.coyote.http11.Http11NioProtocol        :173  [32m                  [0;39m Pausing ProtocolHandler ["http-nio-8082"]
2023-11-11 18:37:55.743 INFO  org.apache.catalina.core.StandardService          :173  [32m                  [0;39m Stopping service [Tomcat]
2023-11-11 18:37:55.748 INFO  org.apache.coyote.http11.Http11NioProtocol        :173  [32m                  [0;39m Stopping ProtocolHandler ["http-nio-8082"]
2023-11-11 18:37:55.748 INFO  org.apache.coyote.http11.Http11NioProtocol        :173  [32m                  [0;39m Destroying ProtocolHandler ["http-nio-8082"]
2023-11-11 18:37:55.755 INFO  o.s.b.a.logging.ConditionEvaluationReportLogger   :82   [32m                  [0;39m 

Error starting ApplicationContext. To display the condition evaluation report re-run your application with 'debug' enabled.
2023-11-11 18:37:55.772 ERROR o.s.b.diagnostics.LoggingFailureAnalysisReporter  :40   [32m                  [0;39m 

***************************
APPLICATION FAILED TO START
***************************

Description:

Web server failed to start. Port 8082 was already in use.

Action:

Identify and stop the process that's listening on port 8082 or configure this application to listen on another port.

2023-11-11 18:38:55.152 INFO  org.hibernate.validator.internal.util.Version     :21   [32m                  [0;39m HV000001: Hibernate Validator 8.0.0.Final
2023-11-11 18:38:55.191 INFO  c.jiawa.train.business.config.BusinessApplication :51   [32m                  [0;39m Starting BusinessApplication using Java 17.0.4.1 with PID 8536 (E:\Springboot\train1\business\target\classes started by MK in E:\Springboot\train1)
2023-11-11 18:38:55.192 INFO  c.jiawa.train.business.config.BusinessApplication :630  [32m                  [0;39m No active profile set, falling back to 1 default profile: "default"
2023-11-11 18:38:55.243 INFO  o.s.b.d.env.DevToolsPropertyDefaultsPostProcessor :250  [32m                  [0;39m Devtools property defaults active! Set 'spring.devtools.add-properties' to 'false' to disable
2023-11-11 18:38:55.243 INFO  o.s.b.d.env.DevToolsPropertyDefaultsPostProcessor :250  [32m                  [0;39m For additional web related logging consider setting the 'logging.level.web' property to 'DEBUG'
2023-11-11 18:38:55.815 WARN  org.mybatis.spring.mapper.ClassPathMapperScanner  :44   [32m                  [0;39m No MyBatis mapper was found in '[com.jiawa.train.*.mapper]' package. Please check your configuration.
2023-11-11 18:38:55.882 INFO  o.springframework.cloud.context.scope.GenericScope:282  [32m                  [0;39m BeanFactory id=a388469a-0ac6-3ddf-9bf4-2f5a89c1da40
2023-11-11 18:38:56.417 INFO  o.s.boot.web.embedded.tomcat.TomcatWebServer      :114  [32m                  [0;39m Tomcat initialized with port(s): 8082 (http)
2023-11-11 18:38:56.423 INFO  org.apache.coyote.http11.Http11NioProtocol        :173  [32m                  [0;39m Initializing ProtocolHandler ["http-nio-8082"]
2023-11-11 18:38:56.424 INFO  org.apache.catalina.core.StandardService          :173  [32m                  [0;39m Starting service [Tomcat]
2023-11-11 18:38:56.424 INFO  org.apache.catalina.core.StandardEngine           :173  [32m                  [0;39m Starting Servlet engine: [Apache Tomcat/10.1.1]
2023-11-11 18:38:56.472 INFO  o.a.c.c.C.[Tomcat].[localhost].[/member]          :173  [32m                  [0;39m Initializing Spring embedded WebApplicationContext
2023-11-11 18:38:56.472 INFO  o.s.b.w.s.c.ServletWebServerApplicationContext    :291  [32m                  [0;39m Root WebApplicationContext: initialization completed in 1229 ms
2023-11-11 18:38:56.927 WARN  o.s.core.LocalVariableTableParameterNameDiscoverer:123  [32m                  [0;39m Using deprecated '-debug' fallback for parameter name resolution. Compile the affected code with '-parameters' instead or avoid its introspection: com.github.pagehelper.autoconfigure.PageHelperStandardProperties
2023-11-11 18:38:57.098 WARN  o.s.b.d.autoconfigure.OptionalLiveReloadServer    :62   [32m                  [0;39m Unable to start LiveReload server
2023-11-11 18:38:57.230 INFO  org.apache.coyote.http11.Http11NioProtocol        :173  [32m                  [0;39m Starting ProtocolHandler ["http-nio-8082"]
2023-11-11 18:38:57.234 WARN  o.s.b.w.s.c.AnnotationConfigServletWebServerApplicationContext:592  [32m                  [0;39m Exception encountered during context initialization - cancelling refresh attempt: org.springframework.context.ApplicationContextException: Failed to start bean 'webServerStartStop'
2023-11-11 18:38:57.238 INFO  org.apache.coyote.http11.Http11NioProtocol        :173  [32m                  [0;39m Pausing ProtocolHandler ["http-nio-8082"]
2023-11-11 18:38:57.238 INFO  org.apache.catalina.core.StandardService          :173  [32m                  [0;39m Stopping service [Tomcat]
2023-11-11 18:38:57.243 INFO  org.apache.coyote.http11.Http11NioProtocol        :173  [32m                  [0;39m Stopping ProtocolHandler ["http-nio-8082"]
2023-11-11 18:38:57.243 INFO  org.apache.coyote.http11.Http11NioProtocol        :173  [32m                  [0;39m Destroying ProtocolHandler ["http-nio-8082"]
2023-11-11 18:38:57.250 INFO  o.s.b.a.logging.ConditionEvaluationReportLogger   :82   [32m                  [0;39m 

Error starting ApplicationContext. To display the condition evaluation report re-run your application with 'debug' enabled.
2023-11-11 18:38:57.278 ERROR o.s.b.diagnostics.LoggingFailureAnalysisReporter  :40   [32m                  [0;39m 

***************************
APPLICATION FAILED TO START
***************************

Description:

Web server failed to start. Port 8082 was already in use.

Action:

Identify and stop the process that's listening on port 8082 or configure this application to listen on another port.

2023-11-11 18:40:05.111 INFO  org.hibernate.validator.internal.util.Version     :21   [32m                  [0;39m HV000001: Hibernate Validator 8.0.0.Final
2023-11-11 18:40:05.160 INFO  c.jiawa.train.business.config.BusinessApplication :51   [32m                  [0;39m Starting BusinessApplication using Java 17.0.4.1 with PID 11596 (E:\Springboot\train1\business\target\classes started by MK in E:\Springboot\train1)
2023-11-11 18:40:05.162 INFO  c.jiawa.train.business.config.BusinessApplication :630  [32m                  [0;39m No active profile set, falling back to 1 default profile: "default"
2023-11-11 18:40:05.216 INFO  o.s.b.d.env.DevToolsPropertyDefaultsPostProcessor :250  [32m                  [0;39m Devtools property defaults active! Set 'spring.devtools.add-properties' to 'false' to disable
2023-11-11 18:40:05.217 INFO  o.s.b.d.env.DevToolsPropertyDefaultsPostProcessor :250  [32m                  [0;39m For additional web related logging consider setting the 'logging.level.web' property to 'DEBUG'
2023-11-11 18:40:05.796 WARN  org.mybatis.spring.mapper.ClassPathMapperScanner  :44   [32m                  [0;39m No MyBatis mapper was found in '[com.jiawa.train.*.mapper]' package. Please check your configuration.
2023-11-11 18:40:05.864 INFO  o.springframework.cloud.context.scope.GenericScope:282  [32m                  [0;39m BeanFactory id=a388469a-0ac6-3ddf-9bf4-2f5a89c1da40
2023-11-11 18:40:06.396 INFO  o.s.boot.web.embedded.tomcat.TomcatWebServer      :114  [32m                  [0;39m Tomcat initialized with port(s): 8082 (http)
2023-11-11 18:40:06.402 INFO  org.apache.coyote.http11.Http11NioProtocol        :173  [32m                  [0;39m Initializing ProtocolHandler ["http-nio-8082"]
2023-11-11 18:40:06.403 INFO  org.apache.catalina.core.StandardService          :173  [32m                  [0;39m Starting service [Tomcat]
2023-11-11 18:40:06.403 INFO  org.apache.catalina.core.StandardEngine           :173  [32m                  [0;39m Starting Servlet engine: [Apache Tomcat/10.1.1]
2023-11-11 18:40:06.450 INFO  o.a.c.c.C.[Tomcat].[localhost].[/member]          :173  [32m                  [0;39m Initializing Spring embedded WebApplicationContext
2023-11-11 18:40:06.451 INFO  o.s.b.w.s.c.ServletWebServerApplicationContext    :291  [32m                  [0;39m Root WebApplicationContext: initialization completed in 1233 ms
2023-11-11 18:40:06.900 WARN  o.s.core.LocalVariableTableParameterNameDiscoverer:123  [32m                  [0;39m Using deprecated '-debug' fallback for parameter name resolution. Compile the affected code with '-parameters' instead or avoid its introspection: com.github.pagehelper.autoconfigure.PageHelperStandardProperties
2023-11-11 18:40:07.069 WARN  o.s.b.d.autoconfigure.OptionalLiveReloadServer    :62   [32m                  [0;39m Unable to start LiveReload server
2023-11-11 18:40:07.199 INFO  org.apache.coyote.http11.Http11NioProtocol        :173  [32m                  [0;39m Starting ProtocolHandler ["http-nio-8082"]
2023-11-11 18:40:07.202 WARN  o.s.b.w.s.c.AnnotationConfigServletWebServerApplicationContext:592  [32m                  [0;39m Exception encountered during context initialization - cancelling refresh attempt: org.springframework.context.ApplicationContextException: Failed to start bean 'webServerStartStop'
2023-11-11 18:40:07.207 INFO  org.apache.coyote.http11.Http11NioProtocol        :173  [32m                  [0;39m Pausing ProtocolHandler ["http-nio-8082"]
2023-11-11 18:40:07.208 INFO  org.apache.catalina.core.StandardService          :173  [32m                  [0;39m Stopping service [Tomcat]
2023-11-11 18:40:07.213 INFO  org.apache.coyote.http11.Http11NioProtocol        :173  [32m                  [0;39m Stopping ProtocolHandler ["http-nio-8082"]
2023-11-11 18:40:07.213 INFO  org.apache.coyote.http11.Http11NioProtocol        :173  [32m                  [0;39m Destroying ProtocolHandler ["http-nio-8082"]
2023-11-11 18:40:07.220 INFO  o.s.b.a.logging.ConditionEvaluationReportLogger   :82   [32m                  [0;39m 

Error starting ApplicationContext. To display the condition evaluation report re-run your application with 'debug' enabled.
2023-11-11 18:40:07.236 ERROR o.s.b.diagnostics.LoggingFailureAnalysisReporter  :40   [32m                  [0;39m 

***************************
APPLICATION FAILED TO START
***************************

Description:

Web server failed to start. Port 8082 was already in use.

Action:

Identify and stop the process that's listening on port 8082 or configure this application to listen on another port.

2023-11-11 18:41:46.018 INFO  org.hibernate.validator.internal.util.Version     :21   [32m                  [0;39m HV000001: Hibernate Validator 8.0.0.Final
2023-11-11 18:41:46.057 INFO  c.jiawa.train.business.config.BusinessApplication :51   [32m                  [0;39m Starting BusinessApplication using Java 17.0.4.1 with PID 2132 (E:\Springboot\train1\business\target\classes started by MK in E:\Springboot\train1)
2023-11-11 18:41:46.059 INFO  c.jiawa.train.business.config.BusinessApplication :630  [32m                  [0;39m No active profile set, falling back to 1 default profile: "default"
2023-11-11 18:41:46.105 INFO  o.s.b.d.env.DevToolsPropertyDefaultsPostProcessor :250  [32m                  [0;39m Devtools property defaults active! Set 'spring.devtools.add-properties' to 'false' to disable
2023-11-11 18:41:46.106 INFO  o.s.b.d.env.DevToolsPropertyDefaultsPostProcessor :250  [32m                  [0;39m For additional web related logging consider setting the 'logging.level.web' property to 'DEBUG'
2023-11-11 18:41:46.782 WARN  org.mybatis.spring.mapper.ClassPathMapperScanner  :44   [32m                  [0;39m No MyBatis mapper was found in '[com.jiawa.train.*.mapper]' package. Please check your configuration.
2023-11-11 18:41:46.853 INFO  o.springframework.cloud.context.scope.GenericScope:282  [32m                  [0;39m BeanFactory id=a388469a-0ac6-3ddf-9bf4-2f5a89c1da40
2023-11-11 18:41:47.426 INFO  o.s.boot.web.embedded.tomcat.TomcatWebServer      :114  [32m                  [0;39m Tomcat initialized with port(s): 8082 (http)
2023-11-11 18:41:47.434 INFO  org.apache.coyote.http11.Http11NioProtocol        :173  [32m                  [0;39m Initializing ProtocolHandler ["http-nio-8082"]
2023-11-11 18:41:47.434 INFO  org.apache.catalina.core.StandardService          :173  [32m                  [0;39m Starting service [Tomcat]
2023-11-11 18:41:47.434 INFO  org.apache.catalina.core.StandardEngine           :173  [32m                  [0;39m Starting Servlet engine: [Apache Tomcat/10.1.1]
2023-11-11 18:41:47.487 INFO  o.a.c.c.C.[Tomcat].[localhost].[/member]          :173  [32m                  [0;39m Initializing Spring embedded WebApplicationContext
2023-11-11 18:41:47.488 INFO  o.s.b.w.s.c.ServletWebServerApplicationContext    :291  [32m                  [0;39m Root WebApplicationContext: initialization completed in 1382 ms
2023-11-11 18:41:47.998 WARN  o.s.core.LocalVariableTableParameterNameDiscoverer:123  [32m                  [0;39m Using deprecated '-debug' fallback for parameter name resolution. Compile the affected code with '-parameters' instead or avoid its introspection: com.github.pagehelper.autoconfigure.PageHelperStandardProperties
2023-11-11 18:41:48.195 WARN  o.s.b.d.autoconfigure.OptionalLiveReloadServer    :62   [32m                  [0;39m Unable to start LiveReload server
2023-11-11 18:41:48.333 INFO  org.apache.coyote.http11.Http11NioProtocol        :173  [32m                  [0;39m Starting ProtocolHandler ["http-nio-8082"]
2023-11-11 18:41:48.337 WARN  o.s.b.w.s.c.AnnotationConfigServletWebServerApplicationContext:592  [32m                  [0;39m Exception encountered during context initialization - cancelling refresh attempt: org.springframework.context.ApplicationContextException: Failed to start bean 'webServerStartStop'
2023-11-11 18:41:48.341 INFO  org.apache.coyote.http11.Http11NioProtocol        :173  [32m                  [0;39m Pausing ProtocolHandler ["http-nio-8082"]
2023-11-11 18:41:48.341 INFO  org.apache.catalina.core.StandardService          :173  [32m                  [0;39m Stopping service [Tomcat]
2023-11-11 18:41:48.346 INFO  org.apache.coyote.http11.Http11NioProtocol        :173  [32m                  [0;39m Stopping ProtocolHandler ["http-nio-8082"]
2023-11-11 18:41:48.346 INFO  org.apache.coyote.http11.Http11NioProtocol        :173  [32m                  [0;39m Destroying ProtocolHandler ["http-nio-8082"]
2023-11-11 18:41:48.354 INFO  o.s.b.a.logging.ConditionEvaluationReportLogger   :82   [32m                  [0;39m 

Error starting ApplicationContext. To display the condition evaluation report re-run your application with 'debug' enabled.
2023-11-11 18:41:48.370 ERROR o.s.b.diagnostics.LoggingFailureAnalysisReporter  :40   [32m                  [0;39m 

***************************
APPLICATION FAILED TO START
***************************

Description:

Web server failed to start. Port 8082 was already in use.

Action:

Identify and stop the process that's listening on port 8082 or configure this application to listen on another port.

2023-11-11 18:42:57.322 INFO  org.hibernate.validator.internal.util.Version     :21   [32m                  [0;39m HV000001: Hibernate Validator 8.0.0.Final
2023-11-11 18:42:57.370 INFO  c.jiawa.train.business.config.BusinessApplication :51   [32m                  [0;39m Starting BusinessApplication using Java 17.0.4.1 with PID 6740 (E:\Springboot\train1\business\target\classes started by MK in E:\Springboot\train1)
2023-11-11 18:42:57.371 INFO  c.jiawa.train.business.config.BusinessApplication :630  [32m                  [0;39m No active profile set, falling back to 1 default profile: "default"
2023-11-11 18:42:57.428 INFO  o.s.b.d.env.DevToolsPropertyDefaultsPostProcessor :250  [32m                  [0;39m Devtools property defaults active! Set 'spring.devtools.add-properties' to 'false' to disable
2023-11-11 18:42:57.429 INFO  o.s.b.d.env.DevToolsPropertyDefaultsPostProcessor :250  [32m                  [0;39m For additional web related logging consider setting the 'logging.level.web' property to 'DEBUG'
2023-11-11 18:42:58.072 WARN  org.mybatis.spring.mapper.ClassPathMapperScanner  :44   [32m                  [0;39m No MyBatis mapper was found in '[com.jiawa.train.*.mapper]' package. Please check your configuration.
2023-11-11 18:42:58.148 INFO  o.springframework.cloud.context.scope.GenericScope:282  [32m                  [0;39m BeanFactory id=a388469a-0ac6-3ddf-9bf4-2f5a89c1da40
2023-11-11 18:42:58.701 INFO  o.s.boot.web.embedded.tomcat.TomcatWebServer      :114  [32m                  [0;39m Tomcat initialized with port(s): 8082 (http)
2023-11-11 18:42:58.707 INFO  org.apache.coyote.http11.Http11NioProtocol        :173  [32m                  [0;39m Initializing ProtocolHandler ["http-nio-8082"]
2023-11-11 18:42:58.708 INFO  org.apache.catalina.core.StandardService          :173  [32m                  [0;39m Starting service [Tomcat]
2023-11-11 18:42:58.708 INFO  org.apache.catalina.core.StandardEngine           :173  [32m                  [0;39m Starting Servlet engine: [Apache Tomcat/10.1.1]
2023-11-11 18:42:58.759 INFO  o.a.c.c.C.[Tomcat].[localhost].[/member]          :173  [32m                  [0;39m Initializing Spring embedded WebApplicationContext
2023-11-11 18:42:58.760 INFO  o.s.b.w.s.c.ServletWebServerApplicationContext    :291  [32m                  [0;39m Root WebApplicationContext: initialization completed in 1330 ms
2023-11-11 18:42:59.228 WARN  o.s.core.LocalVariableTableParameterNameDiscoverer:123  [32m                  [0;39m Using deprecated '-debug' fallback for parameter name resolution. Compile the affected code with '-parameters' instead or avoid its introspection: com.github.pagehelper.autoconfigure.PageHelperStandardProperties
2023-11-11 18:42:59.395 INFO  o.s.b.d.autoconfigure.OptionalLiveReloadServer    :59   [32m                  [0;39m LiveReload server is running on port 35729
2023-11-11 18:42:59.532 INFO  org.apache.coyote.http11.Http11NioProtocol        :173  [32m                  [0;39m Starting ProtocolHandler ["http-nio-8082"]
2023-11-11 18:42:59.545 INFO  o.s.boot.web.embedded.tomcat.TomcatWebServer      :226  [32m                  [0;39m Tomcat started on port(s): 8082 (http) with context path '/member'
2023-11-11 18:42:59.625 INFO  c.jiawa.train.business.config.BusinessApplication :57   [32m                  [0;39m Started BusinessApplication in 2.87 seconds (process running for 3.665)
2023-11-11 18:42:59.629 INFO  c.jiawa.train.business.config.BusinessApplication :20   [32m                  [0;39m 启动成功！！
2023-11-11 18:42:59.629 INFO  c.jiawa.train.business.config.BusinessApplication :21   [32m                  [0;39m 测试地址: 	http://127.0.0.1:8082/member/hello
2023-11-11 18:45:21.820 INFO  org.hibernate.validator.internal.util.Version     :21   [32m                  [0;39m HV000001: Hibernate Validator 8.0.0.Final
2023-11-11 18:45:21.875 INFO  com.jiawa.train.member.config.MemberApplication   :51   [32m                  [0;39m Starting MemberApplication using Java 17.0.4.1 with PID 17188 (E:\Springboot\train1\member\target\classes started by MK in E:\Springboot\train1)
2023-11-11 18:45:21.876 INFO  com.jiawa.train.member.config.MemberApplication   :630  [32m                  [0;39m No active profile set, falling back to 1 default profile: "default"
2023-11-11 18:45:21.931 INFO  o.s.b.d.env.DevToolsPropertyDefaultsPostProcessor :250  [32m                  [0;39m Devtools property defaults active! Set 'spring.devtools.add-properties' to 'false' to disable
2023-11-11 18:45:21.931 INFO  o.s.b.d.env.DevToolsPropertyDefaultsPostProcessor :250  [32m                  [0;39m For additional web related logging consider setting the 'logging.level.web' property to 'DEBUG'
2023-11-11 18:45:22.762 INFO  o.springframework.cloud.context.scope.GenericScope:282  [32m                  [0;39m BeanFactory id=b51d6f25-f5f0-38de-882a-1bde2b617ce2
2023-11-11 18:45:23.301 INFO  o.s.boot.web.embedded.tomcat.TomcatWebServer      :114  [32m                  [0;39m Tomcat initialized with port(s): 8082 (http)
2023-11-11 18:45:23.307 INFO  org.apache.coyote.http11.Http11NioProtocol        :173  [32m                  [0;39m Initializing ProtocolHandler ["http-nio-8082"]
2023-11-11 18:45:23.308 INFO  org.apache.catalina.core.StandardService          :173  [32m                  [0;39m Starting service [Tomcat]
2023-11-11 18:45:23.308 INFO  org.apache.catalina.core.StandardEngine           :173  [32m                  [0;39m Starting Servlet engine: [Apache Tomcat/10.1.1]
2023-11-11 18:45:23.359 INFO  o.a.c.c.C.[Tomcat].[localhost].[/member]          :173  [32m                  [0;39m Initializing Spring embedded WebApplicationContext
2023-11-11 18:45:23.359 INFO  o.s.b.w.s.c.ServletWebServerApplicationContext    :291  [32m                  [0;39m Root WebApplicationContext: initialization completed in 1427 ms
2023-11-11 18:45:23.973 WARN  o.s.core.LocalVariableTableParameterNameDiscoverer:123  [32m                  [0;39m Using deprecated '-debug' fallback for parameter name resolution. Compile the affected code with '-parameters' instead or avoid its introspection: com.github.pagehelper.autoconfigure.PageHelperStandardProperties
2023-11-11 18:45:24.134 WARN  o.s.b.d.autoconfigure.OptionalLiveReloadServer    :62   [32m                  [0;39m Unable to start LiveReload server
2023-11-11 18:45:24.264 INFO  org.apache.coyote.http11.Http11NioProtocol        :173  [32m                  [0;39m Starting ProtocolHandler ["http-nio-8082"]
2023-11-11 18:45:24.267 WARN  o.s.b.w.s.c.AnnotationConfigServletWebServerApplicationContext:592  [32m                  [0;39m Exception encountered during context initialization - cancelling refresh attempt: org.springframework.context.ApplicationContextException: Failed to start bean 'webServerStartStop'
2023-11-11 18:45:24.272 INFO  org.apache.coyote.http11.Http11NioProtocol        :173  [32m                  [0;39m Pausing ProtocolHandler ["http-nio-8082"]
2023-11-11 18:45:24.272 INFO  org.apache.catalina.core.StandardService          :173  [32m                  [0;39m Stopping service [Tomcat]
2023-11-11 18:45:24.277 INFO  org.apache.coyote.http11.Http11NioProtocol        :173  [32m                  [0;39m Stopping ProtocolHandler ["http-nio-8082"]
2023-11-11 18:45:24.277 INFO  org.apache.coyote.http11.Http11NioProtocol        :173  [32m                  [0;39m Destroying ProtocolHandler ["http-nio-8082"]
2023-11-11 18:45:24.284 INFO  o.s.b.a.logging.ConditionEvaluationReportLogger   :82   [32m                  [0;39m 

Error starting ApplicationContext. To display the condition evaluation report re-run your application with 'debug' enabled.
2023-11-11 18:45:24.300 ERROR o.s.b.diagnostics.LoggingFailureAnalysisReporter  :40   [32m                  [0;39m 

***************************
APPLICATION FAILED TO START
***************************

Description:

Web server failed to start. Port 8082 was already in use.

Action:

Identify and stop the process that's listening on port 8082 or configure this application to listen on another port.

2023-11-11 19:54:00.531 INFO  org.hibernate.validator.internal.util.Version     :21   [32m                  [0;39m HV000001: Hibernate Validator 8.0.0.Final
2023-11-11 19:54:00.583 INFO  com.jiawa.train.member.config.MemberApplication   :51   [32m                  [0;39m Starting MemberApplication using Java 17.0.4.1 with PID 6824 (E:\Springboot\train1\member\target\classes started by MK in E:\Springboot\train1)
2023-11-11 19:54:00.585 INFO  com.jiawa.train.member.config.MemberApplication   :630  [32m                  [0;39m No active profile set, falling back to 1 default profile: "default"
2023-11-11 19:54:00.648 INFO  o.s.b.d.env.DevToolsPropertyDefaultsPostProcessor :250  [32m                  [0;39m Devtools property defaults active! Set 'spring.devtools.add-properties' to 'false' to disable
2023-11-11 19:54:00.649 INFO  o.s.b.d.env.DevToolsPropertyDefaultsPostProcessor :250  [32m                  [0;39m For additional web related logging consider setting the 'logging.level.web' property to 'DEBUG'
2023-11-11 19:54:01.320 INFO  o.springframework.cloud.context.scope.GenericScope:282  [32m                  [0;39m BeanFactory id=b51d6f25-f5f0-38de-882a-1bde2b617ce2
2023-11-11 19:54:01.846 INFO  o.s.boot.web.embedded.tomcat.TomcatWebServer      :114  [32m                  [0;39m Tomcat initialized with port(s): 8082 (http)
2023-11-11 19:54:01.853 INFO  org.apache.coyote.http11.Http11NioProtocol        :173  [32m                  [0;39m Initializing ProtocolHandler ["http-nio-8082"]
2023-11-11 19:54:01.853 INFO  org.apache.catalina.core.StandardService          :173  [32m                  [0;39m Starting service [Tomcat]
2023-11-11 19:54:01.854 INFO  org.apache.catalina.core.StandardEngine           :173  [32m                  [0;39m Starting Servlet engine: [Apache Tomcat/10.1.1]
2023-11-11 19:54:01.903 INFO  o.a.c.c.C.[Tomcat].[localhost].[/member]          :173  [32m                  [0;39m Initializing Spring embedded WebApplicationContext
2023-11-11 19:54:01.904 INFO  o.s.b.w.s.c.ServletWebServerApplicationContext    :291  [32m                  [0;39m Root WebApplicationContext: initialization completed in 1253 ms
2023-11-11 19:54:02.509 WARN  o.s.core.LocalVariableTableParameterNameDiscoverer:123  [32m                  [0;39m Using deprecated '-debug' fallback for parameter name resolution. Compile the affected code with '-parameters' instead or avoid its introspection: com.github.pagehelper.autoconfigure.PageHelperStandardProperties
2023-11-11 19:54:02.658 WARN  o.s.b.d.autoconfigure.OptionalLiveReloadServer    :62   [32m                  [0;39m Unable to start LiveReload server
2023-11-11 19:54:02.787 INFO  org.apache.coyote.http11.Http11NioProtocol        :173  [32m                  [0;39m Starting ProtocolHandler ["http-nio-8082"]
2023-11-11 19:54:02.802 INFO  o.s.boot.web.embedded.tomcat.TomcatWebServer      :226  [32m                  [0;39m Tomcat started on port(s): 8082 (http) with context path '/member'
2023-11-11 19:54:02.881 INFO  com.jiawa.train.member.config.MemberApplication   :57   [32m                  [0;39m Started MemberApplication in 2.912 seconds (process running for 3.53)
2023-11-11 19:54:02.884 INFO  com.jiawa.train.member.config.MemberApplication   :23   [32m                  [0;39m 启动成功！！
2023-11-11 19:54:02.884 INFO  com.jiawa.train.member.config.MemberApplication   :24   [32m                  [0;39m 测试地址: 	http://127.0.0.1:8082/member/hello
2023-11-11 19:59:14.738 INFO  o.a.c.c.C.[Tomcat].[localhost].[/member]          :173  [32m                  [0;39m Initializing Spring DispatcherServlet 'dispatcherServlet'
2023-11-11 19:59:14.739 INFO  org.springframework.web.servlet.DispatcherServlet :525  [32m                  [0;39m Initializing Servlet 'dispatcherServlet'
2023-11-11 19:59:14.740 INFO  org.springframework.web.servlet.DispatcherServlet :547  [32m                  [0;39m Completed initialization in 0 ms
2023-11-11 21:45:32.422 INFO  o.s.b.d.a.LocalDevToolsAutoConfiguration$RestartingClassPathChangeChangedEventListener:211  [32m                  [0;39m Restarting due to 1 class path change (1 addition, 0 deletions, 0 modifications)
2023-11-11 21:45:32.462 INFO  org.apache.coyote.http11.Http11NioProtocol        :173  [32m                  [0;39m Pausing ProtocolHandler ["http-nio-8082"]
2023-11-11 21:45:32.463 INFO  org.apache.catalina.core.StandardService          :173  [32m                  [0;39m Stopping service [Tomcat]
2023-11-11 21:45:32.466 INFO  o.a.c.c.C.[Tomcat].[localhost].[/member]          :173  [32m                  [0;39m Destroying Spring FrameworkServlet 'dispatcherServlet'
2023-11-11 21:45:32.481 INFO  org.apache.coyote.http11.Http11NioProtocol        :173  [32m                  [0;39m Stopping ProtocolHandler ["http-nio-8082"]
2023-11-11 21:45:32.485 INFO  org.apache.coyote.http11.Http11NioProtocol        :173  [32m                  [0;39m Destroying ProtocolHandler ["http-nio-8082"]
2023-11-11 21:45:32.809 INFO  com.jiawa.train.member.config.MemberApplication   :51   [32m                  [0;39m Starting MemberApplication using Java 17.0.4.1 with PID 6824 (E:\Springboot\train1\member\target\classes started by MK in E:\Springboot\train1)
2023-11-11 21:45:32.810 INFO  com.jiawa.train.member.config.MemberApplication   :630  [32m                  [0;39m No active profile set, falling back to 1 default profile: "default"
2023-11-11 21:45:33.112 INFO  o.springframework.cloud.context.scope.GenericScope:282  [32m                  [0;39m BeanFactory id=b51d6f25-f5f0-38de-882a-1bde2b617ce2
2023-11-11 21:45:33.277 INFO  o.s.boot.web.embedded.tomcat.TomcatWebServer      :114  [32m                  [0;39m Tomcat initialized with port(s): 8082 (http)
2023-11-11 21:45:33.278 INFO  org.apache.coyote.http11.Http11NioProtocol        :173  [32m                  [0;39m Initializing ProtocolHandler ["http-nio-8082"]
2023-11-11 21:45:33.278 INFO  org.apache.catalina.core.StandardService          :173  [32m                  [0;39m Starting service [Tomcat]
2023-11-11 21:45:33.278 INFO  org.apache.catalina.core.StandardEngine           :173  [32m                  [0;39m Starting Servlet engine: [Apache Tomcat/10.1.1]
2023-11-11 21:45:33.298 INFO  o.a.c.c.C.[Tomcat].[localhost].[/member]          :173  [32m                  [0;39m Initializing Spring embedded WebApplicationContext
2023-11-11 21:45:33.299 INFO  o.s.b.w.s.c.ServletWebServerApplicationContext    :291  [32m                  [0;39m Root WebApplicationContext: initialization completed in 483 ms
2023-11-11 21:45:33.730 WARN  o.s.core.LocalVariableTableParameterNameDiscoverer:123  [32m                  [0;39m Using deprecated '-debug' fallback for parameter name resolution. Compile the affected code with '-parameters' instead or avoid its introspection: com.github.pagehelper.autoconfigure.PageHelperStandardProperties
2023-11-11 21:45:33.858 INFO  o.s.b.d.autoconfigure.OptionalLiveReloadServer    :59   [32m                  [0;39m LiveReload server is running on port 35729
2023-11-11 21:45:33.991 INFO  org.apache.coyote.http11.Http11NioProtocol        :173  [32m                  [0;39m Starting ProtocolHandler ["http-nio-8082"]
2023-11-11 21:45:33.994 INFO  o.s.boot.web.embedded.tomcat.TomcatWebServer      :226  [32m                  [0;39m Tomcat started on port(s): 8082 (http) with context path '/member'
2023-11-11 21:45:34.094 INFO  com.jiawa.train.member.config.MemberApplication   :57   [32m                  [0;39m Started MemberApplication in 1.478 seconds (process running for 6694.743)
2023-11-11 21:45:34.096 INFO  o.s.b.d.a.ConditionEvaluationDeltaLoggingListener :63   [32m                  [0;39m Condition evaluation unchanged
2023-11-11 21:45:34.097 INFO  com.jiawa.train.member.config.MemberApplication   :23   [32m                  [0;39m 启动成功！！
2023-11-11 21:45:34.097 INFO  com.jiawa.train.member.config.MemberApplication   :24   [32m                  [0;39m 测试地址: 	http://127.0.0.1:8082/member/hello
2023-11-11 21:45:46.746 INFO  org.hibernate.validator.internal.util.Version     :21   [32m                  [0;39m HV000001: Hibernate Validator 8.0.0.Final
2023-11-11 21:45:46.786 INFO  com.jiawa.train.member.config.MemberApplication   :51   [32m                  [0;39m Starting MemberApplication using Java 17.0.4.1 with PID 10592 (E:\Springboot\train1\member\target\classes started by MK in E:\Springboot\train1)
2023-11-11 21:45:46.787 INFO  com.jiawa.train.member.config.MemberApplication   :630  [32m                  [0;39m No active profile set, falling back to 1 default profile: "default"
2023-11-11 21:45:46.843 INFO  o.s.b.d.env.DevToolsPropertyDefaultsPostProcessor :250  [32m                  [0;39m Devtools property defaults active! Set 'spring.devtools.add-properties' to 'false' to disable
2023-11-11 21:45:46.844 INFO  o.s.b.d.env.DevToolsPropertyDefaultsPostProcessor :250  [32m                  [0;39m For additional web related logging consider setting the 'logging.level.web' property to 'DEBUG'
2023-11-11 21:45:47.496 INFO  o.springframework.cloud.context.scope.GenericScope:282  [32m                  [0;39m BeanFactory id=b51d6f25-f5f0-38de-882a-1bde2b617ce2
2023-11-11 21:45:48.033 INFO  o.s.boot.web.embedded.tomcat.TomcatWebServer      :114  [32m                  [0;39m Tomcat initialized with port(s): 8082 (http)
2023-11-11 21:45:48.040 INFO  org.apache.coyote.http11.Http11NioProtocol        :173  [32m                  [0;39m Initializing ProtocolHandler ["http-nio-8082"]
2023-11-11 21:45:48.041 INFO  org.apache.catalina.core.StandardService          :173  [32m                  [0;39m Starting service [Tomcat]
2023-11-11 21:45:48.041 INFO  org.apache.catalina.core.StandardEngine           :173  [32m                  [0;39m Starting Servlet engine: [Apache Tomcat/10.1.1]
2023-11-11 21:45:48.087 INFO  o.a.c.c.C.[Tomcat].[localhost].[/member]          :173  [32m                  [0;39m Initializing Spring embedded WebApplicationContext
2023-11-11 21:45:48.088 INFO  o.s.b.w.s.c.ServletWebServerApplicationContext    :291  [32m                  [0;39m Root WebApplicationContext: initialization completed in 1244 ms
2023-11-11 21:45:48.688 WARN  o.s.core.LocalVariableTableParameterNameDiscoverer:123  [32m                  [0;39m Using deprecated '-debug' fallback for parameter name resolution. Compile the affected code with '-parameters' instead or avoid its introspection: com.github.pagehelper.autoconfigure.PageHelperStandardProperties
2023-11-11 21:45:48.848 INFO  o.s.b.d.autoconfigure.OptionalLiveReloadServer    :59   [32m                  [0;39m LiveReload server is running on port 35729
2023-11-11 21:45:48.977 INFO  org.apache.coyote.http11.Http11NioProtocol        :173  [32m                  [0;39m Starting ProtocolHandler ["http-nio-8082"]
2023-11-11 21:45:48.991 INFO  o.s.boot.web.embedded.tomcat.TomcatWebServer      :226  [32m                  [0;39m Tomcat started on port(s): 8082 (http) with context path '/member'
2023-11-11 21:45:49.068 INFO  com.jiawa.train.member.config.MemberApplication   :57   [32m                  [0;39m Started MemberApplication in 2.843 seconds (process running for 3.435)
2023-11-11 21:45:49.071 INFO  com.jiawa.train.member.config.MemberApplication   :23   [32m                  [0;39m 启动成功！！
2023-11-11 21:45:49.072 INFO  com.jiawa.train.member.config.MemberApplication   :24   [32m                  [0;39m 测试地址: 	http://127.0.0.1:8082/member/hello
