2023-11-20 09:28:12.687 INFO  org.hibernate.validator.internal.util.Version     :21   [32m                  [0;39m HV000001: Hibernate Validator 8.0.0.Final
2023-11-20 09:28:12.734 INFO  com.jiawa.train.member.config.MemberApplication   :51   [32m                  [0;39m Starting MemberApplication using Java 17.0.4.1 with PID 11120 (E:\Springboot\train1\member\target\classes started by MK in E:\Springboot\train1)
2023-11-20 09:28:12.736 INFO  com.jiawa.train.member.config.MemberApplication   :630  [32m                  [0;39m No active profile set, falling back to 1 default profile: "default"
2023-11-20 09:28:12.784 INFO  o.s.b.d.env.DevToolsPropertyDefaultsPostProcessor :250  [32m                  [0;39m Devtools property defaults active! Set 'spring.devtools.add-properties' to 'false' to disable
2023-11-20 09:28:12.784 INFO  o.s.b.d.env.DevToolsPropertyDefaultsPostProcessor :250  [32m                  [0;39m For additional web related logging consider setting the 'logging.level.web' property to 'DEBUG'
2023-11-20 09:28:14.433 INFO  o.springframework.cloud.context.scope.GenericScope:282  [32m                  [0;39m BeanFactory id=b51d6f25-f5f0-38de-882a-1bde2b617ce2
2023-11-20 09:28:15.501 INFO  o.s.boot.web.embedded.tomcat.TomcatWebServer      :114  [32m                  [0;39m Tomcat initialized with port(s): 8082 (http)
2023-11-20 09:28:15.524 INFO  org.apache.coyote.http11.Http11NioProtocol        :173  [32m                  [0;39m Initializing ProtocolHandler ["http-nio-8082"]
2023-11-20 09:28:15.524 INFO  org.apache.catalina.core.StandardService          :173  [32m                  [0;39m Starting service [Tomcat]
2023-11-20 09:28:15.525 INFO  org.apache.catalina.core.StandardEngine           :173  [32m                  [0;39m Starting Servlet engine: [Apache Tomcat/10.1.1]
2023-11-20 09:28:15.609 INFO  o.a.c.c.C.[Tomcat].[localhost].[/member]          :173  [32m                  [0;39m Initializing Spring embedded WebApplicationContext
2023-11-20 09:28:15.609 INFO  o.s.b.w.s.c.ServletWebServerApplicationContext    :291  [32m                  [0;39m Root WebApplicationContext: initialization completed in 2824 ms
2023-11-20 09:28:16.707 WARN  o.s.core.LocalVariableTableParameterNameDiscoverer:123  [32m                  [0;39m Using deprecated '-debug' fallback for parameter name resolution. Compile the affected code with '-parameters' instead or avoid its introspection: com.github.pagehelper.autoconfigure.PageHelperStandardProperties
2023-11-20 09:28:16.887 WARN  o.s.b.d.autoconfigure.OptionalLiveReloadServer    :62   [32m                  [0;39m Unable to start LiveReload server
2023-11-20 09:28:17.021 INFO  org.apache.coyote.http11.Http11NioProtocol        :173  [32m                  [0;39m Starting ProtocolHandler ["http-nio-8082"]
2023-11-20 09:28:17.059 INFO  o.s.boot.web.embedded.tomcat.TomcatWebServer      :226  [32m                  [0;39m Tomcat started on port(s): 8082 (http) with context path '/member'
2023-11-20 09:28:17.142 INFO  com.jiawa.train.member.config.MemberApplication   :57   [32m                  [0;39m Started MemberApplication in 5.333 seconds (process running for 6.353)
2023-11-20 09:28:17.145 INFO  com.jiawa.train.member.config.MemberApplication   :23   [32m                  [0;39m 启动成功！！
2023-11-20 09:28:17.145 INFO  com.jiawa.train.member.config.MemberApplication   :24   [32m                  [0;39m 测试地址: 	http://127.0.0.1:8082/member/hello
2023-11-20 09:29:22.629 INFO  o.a.c.c.C.[Tomcat].[localhost].[/member]          :173  [32m                  [0;39m Initializing Spring DispatcherServlet 'dispatcherServlet'
2023-11-20 09:29:22.629 INFO  org.springframework.web.servlet.DispatcherServlet :525  [32m                  [0;39m Initializing Servlet 'dispatcherServlet'
2023-11-20 09:29:22.630 INFO  org.springframework.web.servlet.DispatcherServlet :547  [32m                  [0;39m Completed initialization in 1 ms
2023-11-20 09:29:23.057 INFO  com.jiawa.train.common.aspect.LogAspect           :48   [32m1700443762735t5q  [0;39m ------------- 开始 -------------
2023-11-20 09:29:23.058 INFO  com.jiawa.train.common.aspect.LogAspect           :49   [32m1700443762735t5q  [0;39m 请求地址: http://127.0.0.1:8082/member/member/send-code POST
2023-11-20 09:29:23.058 INFO  com.jiawa.train.common.aspect.LogAspect           :50   [32m1700443762735t5q  [0;39m 类名方法: com.jiawa.train.member.controller.MemberController.sendCode
2023-11-20 09:29:23.059 INFO  com.jiawa.train.common.aspect.LogAspect           :51   [32m1700443762735t5q  [0;39m 远程地址: 127.0.0.1
2023-11-20 09:29:23.207 INFO  com.jiawa.train.common.aspect.LogAspect           :72   [32m1700443762735t5q  [0;39m 请求参数: [{"mobile":"13000000000"}]
2023-11-20 09:29:23.285 INFO  com.zaxxer.hikari.HikariDataSource                :110  [32m1700443762735t5q  [0;39m HikariPool-1 - Starting...
2023-11-20 09:29:23.384 INFO  com.zaxxer.hikari.pool.HikariPool                 :565  [32m1700443762735t5q  [0;39m HikariPool-1 - Added connection com.mysql.cj.jdbc.ConnectionImpl@16f60b69
2023-11-20 09:29:23.388 INFO  com.zaxxer.hikari.HikariDataSource                :123  [32m1700443762735t5q  [0;39m HikariPool-1 - Start completed.
2023-11-20 09:29:23.602 INFO  com.jiawa.train.member.service.MemberService      :71   [32m1700443762735t5q  [0;39m 手机号存在，不插入记录
2023-11-20 09:29:23.602 INFO  com.jiawa.train.member.service.MemberService      :76   [32m1700443762735t5q  [0;39m 生成短信验证码：n5tx
2023-11-20 09:29:23.602 INFO  com.jiawa.train.member.service.MemberService      :79   [32m1700443762735t5q  [0;39m 保存短信记录表
2023-11-20 09:29:23.602 INFO  com.jiawa.train.member.service.MemberService      :82   [32m1700443762735t5q  [0;39m 对接短信通道
2023-11-20 09:29:23.606 INFO  com.jiawa.train.common.aspect.LogAspect           :84   [32m1700443762735t5q  [0;39m 返回结果: {"success":true}
2023-11-20 09:29:23.607 INFO  com.jiawa.train.common.aspect.LogAspect           :85   [32m1700443762735t5q  [0;39m ------------- 结束 耗时：550 ms -------------
2023-11-20 09:29:26.148 INFO  com.jiawa.train.common.aspect.LogAspect           :48   [32m1700443766140ev4  [0;39m ------------- 开始 -------------
2023-11-20 09:29:26.149 INFO  com.jiawa.train.common.aspect.LogAspect           :49   [32m1700443766140ev4  [0;39m 请求地址: http://127.0.0.1:8082/member/member/login POST
2023-11-20 09:29:26.149 INFO  com.jiawa.train.common.aspect.LogAspect           :50   [32m1700443766140ev4  [0;39m 类名方法: com.jiawa.train.member.controller.MemberController.login
2023-11-20 09:29:26.149 INFO  com.jiawa.train.common.aspect.LogAspect           :51   [32m1700443766140ev4  [0;39m 远程地址: 127.0.0.1
2023-11-20 09:29:26.150 INFO  com.jiawa.train.common.aspect.LogAspect           :72   [32m1700443766140ev4  [0;39m 请求参数: [{"code":"8888","mobile":"13000000000"}]
2023-11-20 09:29:27.185 INFO  com.jiawa.train.common.util.JwtUtil               :37   [32m1700443766140ev4  [0;39m 生成JWT token：eyJ0eXAiOiJKV1QiLCJhbGciOiJIUzI1NiJ9.eyJuYmYiOjE3MDA0NDM3NjYsIm1vYmlsZSI6IjEzMDAwMDAwMDAwIiwiaWQiOjE3MTk5MTMxNzM2OTc1NjQ2NzIsImV4cCI6MTcwMDUzMDE2NiwiaWF0IjoxNzAwNDQzNzY2fQ.iKLlqdKa5d2Ql_fqKAOi_-d9fR9QI2c4BSNeUJHju3s
2023-11-20 09:29:27.186 INFO  com.jiawa.train.common.aspect.LogAspect           :84   [32m1700443766140ev4  [0;39m 返回结果: {"content":{"id":1719913173697564672,"mobile":"13000000000","token":"eyJ0eXAiOiJKV1QiLCJhbGciOiJIUzI1NiJ9.eyJuYmYiOjE3MDA0NDM3NjYsIm1vYmlsZSI6IjEzMDAwMDAwMDAwIiwiaWQiOjE3MTk5MTMxNzM2OTc1NjQ2NzIsImV4cCI6MTcwMDUzMDE2NiwiaWF0IjoxNzAwNDQzNzY2fQ.iKLlqdKa5d2Ql_fqKAOi_-d9fR9QI2c4BSNeUJHju3s"},"success":true}
2023-11-20 09:29:27.186 INFO  com.jiawa.train.common.aspect.LogAspect           :85   [32m1700443766140ev4  [0;39m ------------- 结束 耗时：1038 ms -------------
2023-11-20 14:14:55.950 INFO  com.jiawa.train.common.aspect.LogAspect           :48   [32m17004608959331qt  [0;39m ------------- 开始 -------------
2023-11-20 14:14:55.955 INFO  com.jiawa.train.common.aspect.LogAspect           :49   [32m17004608959331qt  [0;39m 请求地址: http://127.0.0.1:8082/member/member/send-code POST
2023-11-20 14:14:55.956 INFO  com.jiawa.train.common.aspect.LogAspect           :50   [32m17004608959331qt  [0;39m 类名方法: com.jiawa.train.member.controller.MemberController.sendCode
2023-11-20 14:14:55.956 INFO  com.jiawa.train.common.aspect.LogAspect           :51   [32m17004608959331qt  [0;39m 远程地址: 127.0.0.1
2023-11-20 14:14:55.957 INFO  com.jiawa.train.common.aspect.LogAspect           :72   [32m17004608959331qt  [0;39m 请求参数: [{"mobile":"13000000000"}]
2023-11-20 14:15:03.278 INFO  com.jiawa.train.common.aspect.LogAspect           :48   [32m1700460903277x3h  [0;39m ------------- 开始 -------------
2023-11-20 14:15:03.279 INFO  com.jiawa.train.common.aspect.LogAspect           :49   [32m1700460903277x3h  [0;39m 请求地址: http://127.0.0.1:8082/member/member/send-code POST
2023-11-20 14:15:03.279 INFO  com.jiawa.train.common.aspect.LogAspect           :50   [32m1700460903277x3h  [0;39m 类名方法: com.jiawa.train.member.controller.MemberController.sendCode
2023-11-20 14:15:03.279 INFO  com.jiawa.train.common.aspect.LogAspect           :51   [32m1700460903277x3h  [0;39m 远程地址: 127.0.0.1
2023-11-20 14:15:03.279 INFO  com.jiawa.train.common.aspect.LogAspect           :72   [32m1700460903277x3h  [0;39m 请求参数: [{"mobile":"13000000000"}]
2023-11-20 14:15:12.244 INFO  com.jiawa.train.common.aspect.LogAspect           :48   [32m1700460912243j8a  [0;39m ------------- 开始 -------------
2023-11-20 14:15:12.244 INFO  com.jiawa.train.common.aspect.LogAspect           :49   [32m1700460912243j8a  [0;39m 请求地址: http://127.0.0.1:8082/member/member/send-code POST
2023-11-20 14:15:12.244 INFO  com.jiawa.train.common.aspect.LogAspect           :50   [32m1700460912243j8a  [0;39m 类名方法: com.jiawa.train.member.controller.MemberController.sendCode
2023-11-20 14:15:12.245 INFO  com.jiawa.train.common.aspect.LogAspect           :51   [32m1700460912243j8a  [0;39m 远程地址: 127.0.0.1
2023-11-20 14:15:12.245 INFO  com.jiawa.train.common.aspect.LogAspect           :72   [32m1700460912243j8a  [0;39m 请求参数: [{"mobile":"13000000000"}]
2023-11-20 14:15:19.089 INFO  org.hibernate.validator.internal.util.Version     :21   [32m                  [0;39m HV000001: Hibernate Validator 8.0.0.Final
2023-11-20 14:15:19.141 INFO  com.jiawa.train.member.config.MemberApplication   :51   [32m                  [0;39m Starting MemberApplication using Java 17.0.4.1 with PID 9896 (E:\Springboot\train1\member\target\classes started by MK in E:\Springboot\train1)
2023-11-20 14:15:19.142 INFO  com.jiawa.train.member.config.MemberApplication   :630  [32m                  [0;39m No active profile set, falling back to 1 default profile: "default"
2023-11-20 14:15:19.197 INFO  o.s.b.d.env.DevToolsPropertyDefaultsPostProcessor :250  [32m                  [0;39m Devtools property defaults active! Set 'spring.devtools.add-properties' to 'false' to disable
2023-11-20 14:15:19.198 INFO  o.s.b.d.env.DevToolsPropertyDefaultsPostProcessor :250  [32m                  [0;39m For additional web related logging consider setting the 'logging.level.web' property to 'DEBUG'
2023-11-20 14:15:19.894 INFO  o.springframework.cloud.context.scope.GenericScope:282  [32m                  [0;39m BeanFactory id=b51d6f25-f5f0-38de-882a-1bde2b617ce2
2023-11-20 14:15:20.483 INFO  o.s.boot.web.embedded.tomcat.TomcatWebServer      :114  [32m                  [0;39m Tomcat initialized with port(s): 8082 (http)
2023-11-20 14:15:20.490 INFO  org.apache.coyote.http11.Http11NioProtocol        :173  [32m                  [0;39m Initializing ProtocolHandler ["http-nio-8082"]
2023-11-20 14:15:20.491 INFO  org.apache.catalina.core.StandardService          :173  [32m                  [0;39m Starting service [Tomcat]
2023-11-20 14:15:20.492 INFO  org.apache.catalina.core.StandardEngine           :173  [32m                  [0;39m Starting Servlet engine: [Apache Tomcat/10.1.1]
2023-11-20 14:15:20.548 INFO  o.a.c.c.C.[Tomcat].[localhost].[/member]          :173  [32m                  [0;39m Initializing Spring embedded WebApplicationContext
2023-11-20 14:15:20.549 INFO  o.s.b.w.s.c.ServletWebServerApplicationContext    :291  [32m                  [0;39m Root WebApplicationContext: initialization completed in 1350 ms
2023-11-20 14:15:21.185 WARN  o.s.core.LocalVariableTableParameterNameDiscoverer:123  [32m                  [0;39m Using deprecated '-debug' fallback for parameter name resolution. Compile the affected code with '-parameters' instead or avoid its introspection: com.github.pagehelper.autoconfigure.PageHelperStandardProperties
2023-11-20 14:15:21.347 WARN  o.s.b.d.autoconfigure.OptionalLiveReloadServer    :62   [32m                  [0;39m Unable to start LiveReload server
2023-11-20 14:15:21.492 INFO  org.apache.coyote.http11.Http11NioProtocol        :173  [32m                  [0;39m Starting ProtocolHandler ["http-nio-8082"]
2023-11-20 14:15:21.508 INFO  o.s.boot.web.embedded.tomcat.TomcatWebServer      :226  [32m                  [0;39m Tomcat started on port(s): 8082 (http) with context path '/member'
2023-11-20 14:15:21.599 INFO  com.jiawa.train.member.config.MemberApplication   :57   [32m                  [0;39m Started MemberApplication in 3.158 seconds (process running for 3.866)
2023-11-20 14:15:21.602 INFO  com.jiawa.train.member.config.MemberApplication   :23   [32m                  [0;39m 启动成功！！
2023-11-20 14:15:21.603 INFO  com.jiawa.train.member.config.MemberApplication   :24   [32m                  [0;39m 测试地址: 	http://127.0.0.1:8082/member/hello
2023-11-20 14:17:20.941 INFO  org.hibernate.validator.internal.util.Version     :21   [32m                  [0;39m HV000001: Hibernate Validator 8.0.0.Final
2023-11-20 14:17:20.980 INFO  com.jiawa.train.member.config.MemberApplication   :51   [32m                  [0;39m Starting MemberApplication using Java 17.0.4.1 with PID 12864 (E:\Springboot\train1\member\target\classes started by MK in E:\Springboot\train1)
2023-11-20 14:17:20.982 INFO  com.jiawa.train.member.config.MemberApplication   :630  [32m                  [0;39m No active profile set, falling back to 1 default profile: "default"
2023-11-20 14:17:21.027 INFO  o.s.b.d.env.DevToolsPropertyDefaultsPostProcessor :250  [32m                  [0;39m Devtools property defaults active! Set 'spring.devtools.add-properties' to 'false' to disable
2023-11-20 14:17:21.028 INFO  o.s.b.d.env.DevToolsPropertyDefaultsPostProcessor :250  [32m                  [0;39m For additional web related logging consider setting the 'logging.level.web' property to 'DEBUG'
2023-11-20 14:17:21.677 INFO  o.springframework.cloud.context.scope.GenericScope:282  [32m                  [0;39m BeanFactory id=b51d6f25-f5f0-38de-882a-1bde2b617ce2
2023-11-20 14:17:22.209 INFO  o.s.boot.web.embedded.tomcat.TomcatWebServer      :114  [32m                  [0;39m Tomcat initialized with port(s): 8082 (http)
2023-11-20 14:17:22.216 INFO  org.apache.coyote.http11.Http11NioProtocol        :173  [32m                  [0;39m Initializing ProtocolHandler ["http-nio-8082"]
2023-11-20 14:17:22.217 INFO  org.apache.catalina.core.StandardService          :173  [32m                  [0;39m Starting service [Tomcat]
2023-11-20 14:17:22.217 INFO  org.apache.catalina.core.StandardEngine           :173  [32m                  [0;39m Starting Servlet engine: [Apache Tomcat/10.1.1]
2023-11-20 14:17:22.268 INFO  o.a.c.c.C.[Tomcat].[localhost].[/member]          :173  [32m                  [0;39m Initializing Spring embedded WebApplicationContext
2023-11-20 14:17:22.268 INFO  o.s.b.w.s.c.ServletWebServerApplicationContext    :291  [32m                  [0;39m Root WebApplicationContext: initialization completed in 1240 ms
2023-11-20 14:17:22.912 WARN  o.s.core.LocalVariableTableParameterNameDiscoverer:123  [32m                  [0;39m Using deprecated '-debug' fallback for parameter name resolution. Compile the affected code with '-parameters' instead or avoid its introspection: com.github.pagehelper.autoconfigure.PageHelperStandardProperties
2023-11-20 14:17:23.180 INFO  o.s.b.d.autoconfigure.OptionalLiveReloadServer    :59   [32m                  [0;39m LiveReload server is running on port 35729
2023-11-20 14:17:23.353 INFO  org.apache.coyote.http11.Http11NioProtocol        :173  [32m                  [0;39m Starting ProtocolHandler ["http-nio-8082"]
2023-11-20 14:17:23.372 INFO  o.s.boot.web.embedded.tomcat.TomcatWebServer      :226  [32m                  [0;39m Tomcat started on port(s): 8082 (http) with context path '/member'
2023-11-20 14:17:23.484 INFO  com.jiawa.train.member.config.MemberApplication   :57   [32m                  [0;39m Started MemberApplication in 3.111 seconds (process running for 3.727)
2023-11-20 14:17:23.489 INFO  com.jiawa.train.member.config.MemberApplication   :23   [32m                  [0;39m 启动成功！！
2023-11-20 14:17:23.490 INFO  com.jiawa.train.member.config.MemberApplication   :24   [32m                  [0;39m 测试地址: 	http://127.0.0.1:8082/member/hello
2023-11-20 14:17:43.101 INFO  o.a.c.c.C.[Tomcat].[localhost].[/member]          :173  [32m                  [0;39m Initializing Spring DispatcherServlet 'dispatcherServlet'
2023-11-20 14:17:43.102 INFO  org.springframework.web.servlet.DispatcherServlet :525  [32m                  [0;39m Initializing Servlet 'dispatcherServlet'
2023-11-20 14:17:43.103 INFO  org.springframework.web.servlet.DispatcherServlet :547  [32m                  [0;39m Completed initialization in 1 ms
2023-11-20 14:17:43.205 INFO  com.jiawa.train.common.aspect.LogAspect           :48   [32m1700461063116eti  [0;39m ------------- 开始 -------------
2023-11-20 14:17:43.206 INFO  com.jiawa.train.common.aspect.LogAspect           :49   [32m1700461063116eti  [0;39m 请求地址: http://127.0.0.1:8082/member/member/send-code POST
2023-11-20 14:17:43.206 INFO  com.jiawa.train.common.aspect.LogAspect           :50   [32m1700461063116eti  [0;39m 类名方法: com.jiawa.train.member.controller.MemberController.sendCode
2023-11-20 14:17:43.206 INFO  com.jiawa.train.common.aspect.LogAspect           :51   [32m1700461063116eti  [0;39m 远程地址: 127.0.0.1
2023-11-20 14:17:43.243 INFO  com.jiawa.train.common.aspect.LogAspect           :72   [32m1700461063116eti  [0;39m 请求参数: [{"mobile":"13000000000"}]
2023-11-20 14:17:43.277 INFO  com.zaxxer.hikari.HikariDataSource                :110  [32m1700461063116eti  [0;39m HikariPool-1 - Starting...
2023-11-20 14:17:44.363 ERROR com.zaxxer.hikari.pool.HikariPool                 :594  [32m1700461063116eti  [0;39m HikariPool-1 - Exception during pool initialization.
java.sql.SQLException: Access denied for user 'root'@'localhost' (using password: NO)
	at com.mysql.cj.jdbc.exceptions.SQLError.createSQLException(SQLError.java:129)
	at com.mysql.cj.jdbc.exceptions.SQLError.createSQLException(SQLError.java:97)
	at com.mysql.cj.jdbc.exceptions.SQLExceptionsMapping.translateException(SQLExceptionsMapping.java:122)
	at com.mysql.cj.jdbc.ConnectionImpl.createNewIO(ConnectionImpl.java:836)
	at com.mysql.cj.jdbc.ConnectionImpl.<init>(ConnectionImpl.java:456)
	at com.mysql.cj.jdbc.ConnectionImpl.getInstance(ConnectionImpl.java:246)
	at com.mysql.cj.jdbc.NonRegisteringDriver.connect(NonRegisteringDriver.java:198)
	at com.zaxxer.hikari.util.DriverDataSource.getConnection(DriverDataSource.java:138)
	at com.zaxxer.hikari.pool.PoolBase.newConnection(PoolBase.java:359)
	at com.zaxxer.hikari.pool.PoolBase.newPoolEntry(PoolBase.java:201)
	at com.zaxxer.hikari.pool.HikariPool.createPoolEntry(HikariPool.java:470)
	at com.zaxxer.hikari.pool.HikariPool.checkFailFast(HikariPool.java:561)
	at com.zaxxer.hikari.pool.HikariPool.<init>(HikariPool.java:100)
	at com.zaxxer.hikari.HikariDataSource.getConnection(HikariDataSource.java:112)
	at org.springframework.jdbc.datasource.DataSourceUtils.fetchConnection(DataSourceUtils.java:159)
	at org.springframework.jdbc.datasource.DataSourceUtils.doGetConnection(DataSourceUtils.java:117)
	at org.springframework.jdbc.datasource.DataSourceUtils.getConnection(DataSourceUtils.java:80)
	at org.mybatis.spring.transaction.SpringManagedTransaction.openConnection(SpringManagedTransaction.java:80)
	at org.mybatis.spring.transaction.SpringManagedTransaction.getConnection(SpringManagedTransaction.java:67)
	at org.apache.ibatis.executor.BaseExecutor.getConnection(BaseExecutor.java:337)
	at org.apache.ibatis.executor.SimpleExecutor.prepareStatement(SimpleExecutor.java:86)
	at org.apache.ibatis.executor.SimpleExecutor.doQuery(SimpleExecutor.java:62)
	at org.apache.ibatis.executor.BaseExecutor.queryFromDatabase(BaseExecutor.java:325)
	at org.apache.ibatis.executor.BaseExecutor.query(BaseExecutor.java:156)
	at org.apache.ibatis.executor.CachingExecutor.query(CachingExecutor.java:109)
	at com.github.pagehelper.PageInterceptor.intercept(PageInterceptor.java:151)
	at org.apache.ibatis.plugin.Plugin.invoke(Plugin.java:62)
	at jdk.proxy2/jdk.proxy2.$Proxy109.query(Unknown Source)
	at org.apache.ibatis.session.defaults.DefaultSqlSession.selectList(DefaultSqlSession.java:151)
	at org.apache.ibatis.session.defaults.DefaultSqlSession.selectList(DefaultSqlSession.java:145)
	at org.apache.ibatis.session.defaults.DefaultSqlSession.selectList(DefaultSqlSession.java:140)
	at java.base/jdk.internal.reflect.NativeMethodAccessorImpl.invoke0(Native Method)
	at java.base/jdk.internal.reflect.NativeMethodAccessorImpl.invoke(NativeMethodAccessorImpl.java:77)
	at java.base/jdk.internal.reflect.DelegatingMethodAccessorImpl.invoke(DelegatingMethodAccessorImpl.java:43)
	at java.base/java.lang.reflect.Method.invoke(Method.java:568)
	at org.mybatis.spring.SqlSessionTemplate$SqlSessionInterceptor.invoke(SqlSessionTemplate.java:425)
	at jdk.proxy2/jdk.proxy2.$Proxy81.selectList(Unknown Source)
	at org.mybatis.spring.SqlSessionTemplate.selectList(SqlSessionTemplate.java:224)
	at org.apache.ibatis.binding.MapperMethod.executeForMany(MapperMethod.java:147)
	at org.apache.ibatis.binding.MapperMethod.execute(MapperMethod.java:80)
	at org.apache.ibatis.binding.MapperProxy$PlainMethodInvoker.invoke(MapperProxy.java:145)
	at org.apache.ibatis.binding.MapperProxy.invoke(MapperProxy.java:86)
	at jdk.proxy3/jdk.proxy3.$Proxy82.selectByExample(Unknown Source)
	at com.jiawa.train.member.service.MemberService.selectByMobile(MemberService.java:109)
	at com.jiawa.train.member.service.MemberService.sendCode(MemberService.java:60)
	at com.jiawa.train.member.controller.MemberController.sendCode(MemberController.java:40)
	at java.base/jdk.internal.reflect.NativeMethodAccessorImpl.invoke0(Native Method)
	at java.base/jdk.internal.reflect.NativeMethodAccessorImpl.invoke(NativeMethodAccessorImpl.java:77)
	at java.base/jdk.internal.reflect.DelegatingMethodAccessorImpl.invoke(DelegatingMethodAccessorImpl.java:43)
	at java.base/java.lang.reflect.Method.invoke(Method.java:568)
	at org.springframework.aop.support.AopUtils.invokeJoinpointUsingReflection(AopUtils.java:343)
	at org.springframework.aop.framework.ReflectiveMethodInvocation.invokeJoinpoint(ReflectiveMethodInvocation.java:196)
	at org.springframework.aop.framework.ReflectiveMethodInvocation.proceed(ReflectiveMethodInvocation.java:163)
	at org.springframework.aop.framework.CglibAopProxy$CglibMethodInvocation.proceed(CglibAopProxy.java:752)
	at org.springframework.aop.framework.adapter.MethodBeforeAdviceInterceptor.invoke(MethodBeforeAdviceInterceptor.java:58)
	at org.springframework.aop.framework.ReflectiveMethodInvocation.proceed(ReflectiveMethodInvocation.java:184)
	at org.springframework.aop.framework.CglibAopProxy$CglibMethodInvocation.proceed(CglibAopProxy.java:752)
	at org.springframework.aop.aspectj.MethodInvocationProceedingJoinPoint.proceed(MethodInvocationProceedingJoinPoint.java:89)
	at com.jiawa.train.common.aspect.LogAspect.doAround(LogAspect.java:78)
	at java.base/jdk.internal.reflect.NativeMethodAccessorImpl.invoke0(Native Method)
	at java.base/jdk.internal.reflect.NativeMethodAccessorImpl.invoke(NativeMethodAccessorImpl.java:77)
	at java.base/jdk.internal.reflect.DelegatingMethodAccessorImpl.invoke(DelegatingMethodAccessorImpl.java:43)
	at java.base/java.lang.reflect.Method.invoke(Method.java:568)
	at org.springframework.aop.aspectj.AbstractAspectJAdvice.invokeAdviceMethodWithGivenArgs(AbstractAspectJAdvice.java:633)
	at org.springframework.aop.aspectj.AbstractAspectJAdvice.invokeAdviceMethod(AbstractAspectJAdvice.java:623)
	at org.springframework.aop.aspectj.AspectJAroundAdvice.invoke(AspectJAroundAdvice.java:71)
	at org.springframework.aop.framework.ReflectiveMethodInvocation.proceed(ReflectiveMethodInvocation.java:184)
	at org.springframework.aop.framework.CglibAopProxy$CglibMethodInvocation.proceed(CglibAopProxy.java:752)
	at org.springframework.aop.interceptor.ExposeInvocationInterceptor.invoke(ExposeInvocationInterceptor.java:97)
	at org.springframework.aop.framework.ReflectiveMethodInvocation.proceed(ReflectiveMethodInvocation.java:184)
	at org.springframework.aop.framework.CglibAopProxy$CglibMethodInvocation.proceed(CglibAopProxy.java:752)
	at org.springframework.aop.framework.CglibAopProxy$DynamicAdvisedInterceptor.intercept(CglibAopProxy.java:703)
	at com.jiawa.train.member.controller.MemberController$$SpringCGLIB$$0.sendCode(<generated>)
	at java.base/jdk.internal.reflect.NativeMethodAccessorImpl.invoke0(Native Method)
	at java.base/jdk.internal.reflect.NativeMethodAccessorImpl.invoke(NativeMethodAccessorImpl.java:77)
	at java.base/jdk.internal.reflect.DelegatingMethodAccessorImpl.invoke(DelegatingMethodAccessorImpl.java:43)
	at java.base/java.lang.reflect.Method.invoke(Method.java:568)
	at org.springframework.web.method.support.InvocableHandlerMethod.doInvoke(InvocableHandlerMethod.java:207)
	at org.springframework.web.method.support.InvocableHandlerMethod.invokeForRequest(InvocableHandlerMethod.java:152)
	at org.springframework.web.servlet.mvc.method.annotation.ServletInvocableHandlerMethod.invokeAndHandle(ServletInvocableHandlerMethod.java:117)
	at org.springframework.web.servlet.mvc.method.annotation.RequestMappingHandlerAdapter.invokeHandlerMethod(RequestMappingHandlerAdapter.java:884)
	at org.springframework.web.servlet.mvc.method.annotation.RequestMappingHandlerAdapter.handleInternal(RequestMappingHandlerAdapter.java:797)
	at org.springframework.web.servlet.mvc.method.AbstractHandlerMethodAdapter.handle(AbstractHandlerMethodAdapter.java:87)
	at org.springframework.web.servlet.DispatcherServlet.doDispatch(DispatcherServlet.java:1080)
	at org.springframework.web.servlet.DispatcherServlet.doService(DispatcherServlet.java:973)
	at org.springframework.web.servlet.FrameworkServlet.processRequest(FrameworkServlet.java:1003)
	at org.springframework.web.servlet.FrameworkServlet.doPost(FrameworkServlet.java:906)
	at jakarta.servlet.http.HttpServlet.service(HttpServlet.java:731)
	at org.springframework.web.servlet.FrameworkServlet.service(FrameworkServlet.java:880)
	at jakarta.servlet.http.HttpServlet.service(HttpServlet.java:814)
	at org.apache.catalina.core.ApplicationFilterChain.internalDoFilter(ApplicationFilterChain.java:223)
	at org.apache.catalina.core.ApplicationFilterChain.doFilter(ApplicationFilterChain.java:158)
	at org.apache.tomcat.websocket.server.WsFilter.doFilter(WsFilter.java:53)
	at org.apache.catalina.core.ApplicationFilterChain.internalDoFilter(ApplicationFilterChain.java:185)
	at org.apache.catalina.core.ApplicationFilterChain.doFilter(ApplicationFilterChain.java:158)
	at org.springframework.web.filter.RequestContextFilter.doFilterInternal(RequestContextFilter.java:100)
	at org.springframework.web.filter.OncePerRequestFilter.doFilter(OncePerRequestFilter.java:116)
	at org.apache.catalina.core.ApplicationFilterChain.internalDoFilter(ApplicationFilterChain.java:185)
	at org.apache.catalina.core.ApplicationFilterChain.doFilter(ApplicationFilterChain.java:158)
	at org.springframework.web.filter.FormContentFilter.doFilterInternal(FormContentFilter.java:93)
	at org.springframework.web.filter.OncePerRequestFilter.doFilter(OncePerRequestFilter.java:116)
	at org.apache.catalina.core.ApplicationFilterChain.internalDoFilter(ApplicationFilterChain.java:185)
	at org.apache.catalina.core.ApplicationFilterChain.doFilter(ApplicationFilterChain.java:158)
	at org.springframework.web.filter.CharacterEncodingFilter.doFilterInternal(CharacterEncodingFilter.java:201)
	at org.springframework.web.filter.OncePerRequestFilter.doFilter(OncePerRequestFilter.java:116)
	at org.apache.catalina.core.ApplicationFilterChain.internalDoFilter(ApplicationFilterChain.java:185)
	at org.apache.catalina.core.ApplicationFilterChain.doFilter(ApplicationFilterChain.java:158)
	at org.apache.catalina.core.StandardWrapperValve.invoke(StandardWrapperValve.java:197)
	at org.apache.catalina.core.StandardContextValve.invoke(StandardContextValve.java:97)
	at org.apache.catalina.authenticator.AuthenticatorBase.invoke(AuthenticatorBase.java:542)
	at org.apache.catalina.core.StandardHostValve.invoke(StandardHostValve.java:119)
	at org.apache.catalina.valves.ErrorReportValve.invoke(ErrorReportValve.java:92)
	at org.apache.catalina.core.StandardEngineValve.invoke(StandardEngineValve.java:78)
	at org.apache.catalina.connector.CoyoteAdapter.service(CoyoteAdapter.java:357)
	at org.apache.coyote.http11.Http11Processor.service(Http11Processor.java:400)
	at org.apache.coyote.AbstractProcessorLight.process(AbstractProcessorLight.java:65)
	at org.apache.coyote.AbstractProtocol$ConnectionHandler.process(AbstractProtocol.java:861)
	at org.apache.tomcat.util.net.NioEndpoint$SocketProcessor.doRun(NioEndpoint.java:1739)
	at org.apache.tomcat.util.net.SocketProcessorBase.run(SocketProcessorBase.java:52)
	at org.apache.tomcat.util.threads.ThreadPoolExecutor.runWorker(ThreadPoolExecutor.java:1191)
	at org.apache.tomcat.util.threads.ThreadPoolExecutor$Worker.run(ThreadPoolExecutor.java:659)
	at org.apache.tomcat.util.threads.TaskThread$WrappingRunnable.run(TaskThread.java:61)
	at java.base/java.lang.Thread.run(Thread.java:833)
2023-11-20 14:17:44.371 ERROR c.j.t.common.controller.ControllerExceptionHandler:31   [32m1700461063116eti  [0;39m 系统异常：
org.mybatis.spring.MyBatisSystemException: null
	at org.mybatis.spring.MyBatisExceptionTranslator.translateExceptionIfPossible(MyBatisExceptionTranslator.java:97)
	at org.mybatis.spring.SqlSessionTemplate$SqlSessionInterceptor.invoke(SqlSessionTemplate.java:439)
	at jdk.proxy2/jdk.proxy2.$Proxy81.selectList(Unknown Source)
	at org.mybatis.spring.SqlSessionTemplate.selectList(SqlSessionTemplate.java:224)
	at org.apache.ibatis.binding.MapperMethod.executeForMany(MapperMethod.java:147)
	at org.apache.ibatis.binding.MapperMethod.execute(MapperMethod.java:80)
	at org.apache.ibatis.binding.MapperProxy$PlainMethodInvoker.invoke(MapperProxy.java:145)
	at org.apache.ibatis.binding.MapperProxy.invoke(MapperProxy.java:86)
	at jdk.proxy3/jdk.proxy3.$Proxy82.selectByExample(Unknown Source)
	at com.jiawa.train.member.service.MemberService.selectByMobile(MemberService.java:109)
	at com.jiawa.train.member.service.MemberService.sendCode(MemberService.java:60)
	at com.jiawa.train.member.controller.MemberController.sendCode(MemberController.java:40)
	at java.base/jdk.internal.reflect.NativeMethodAccessorImpl.invoke0(Native Method)
	at java.base/jdk.internal.reflect.NativeMethodAccessorImpl.invoke(NativeMethodAccessorImpl.java:77)
	at java.base/jdk.internal.reflect.DelegatingMethodAccessorImpl.invoke(DelegatingMethodAccessorImpl.java:43)
	at java.base/java.lang.reflect.Method.invoke(Method.java:568)
	at org.springframework.aop.support.AopUtils.invokeJoinpointUsingReflection(AopUtils.java:343)
	at org.springframework.aop.framework.ReflectiveMethodInvocation.invokeJoinpoint(ReflectiveMethodInvocation.java:196)
	at org.springframework.aop.framework.ReflectiveMethodInvocation.proceed(ReflectiveMethodInvocation.java:163)
	at org.springframework.aop.framework.CglibAopProxy$CglibMethodInvocation.proceed(CglibAopProxy.java:752)
	at org.springframework.aop.framework.adapter.MethodBeforeAdviceInterceptor.invoke(MethodBeforeAdviceInterceptor.java:58)
	at org.springframework.aop.framework.ReflectiveMethodInvocation.proceed(ReflectiveMethodInvocation.java:184)
	at org.springframework.aop.framework.CglibAopProxy$CglibMethodInvocation.proceed(CglibAopProxy.java:752)
	at org.springframework.aop.aspectj.MethodInvocationProceedingJoinPoint.proceed(MethodInvocationProceedingJoinPoint.java:89)
	at com.jiawa.train.common.aspect.LogAspect.doAround(LogAspect.java:78)
	at java.base/jdk.internal.reflect.NativeMethodAccessorImpl.invoke0(Native Method)
	at java.base/jdk.internal.reflect.NativeMethodAccessorImpl.invoke(NativeMethodAccessorImpl.java:77)
	at java.base/jdk.internal.reflect.DelegatingMethodAccessorImpl.invoke(DelegatingMethodAccessorImpl.java:43)
	at java.base/java.lang.reflect.Method.invoke(Method.java:568)
	at org.springframework.aop.aspectj.AbstractAspectJAdvice.invokeAdviceMethodWithGivenArgs(AbstractAspectJAdvice.java:633)
	at org.springframework.aop.aspectj.AbstractAspectJAdvice.invokeAdviceMethod(AbstractAspectJAdvice.java:623)
	at org.springframework.aop.aspectj.AspectJAroundAdvice.invoke(AspectJAroundAdvice.java:71)
	at org.springframework.aop.framework.ReflectiveMethodInvocation.proceed(ReflectiveMethodInvocation.java:184)
	at org.springframework.aop.framework.CglibAopProxy$CglibMethodInvocation.proceed(CglibAopProxy.java:752)
	at org.springframework.aop.interceptor.ExposeInvocationInterceptor.invoke(ExposeInvocationInterceptor.java:97)
	at org.springframework.aop.framework.ReflectiveMethodInvocation.proceed(ReflectiveMethodInvocation.java:184)
	at org.springframework.aop.framework.CglibAopProxy$CglibMethodInvocation.proceed(CglibAopProxy.java:752)
	at org.springframework.aop.framework.CglibAopProxy$DynamicAdvisedInterceptor.intercept(CglibAopProxy.java:703)
	at com.jiawa.train.member.controller.MemberController$$SpringCGLIB$$0.sendCode(<generated>)
	at java.base/jdk.internal.reflect.NativeMethodAccessorImpl.invoke0(Native Method)
	at java.base/jdk.internal.reflect.NativeMethodAccessorImpl.invoke(NativeMethodAccessorImpl.java:77)
	at java.base/jdk.internal.reflect.DelegatingMethodAccessorImpl.invoke(DelegatingMethodAccessorImpl.java:43)
	at java.base/java.lang.reflect.Method.invoke(Method.java:568)
	at org.springframework.web.method.support.InvocableHandlerMethod.doInvoke(InvocableHandlerMethod.java:207)
	at org.springframework.web.method.support.InvocableHandlerMethod.invokeForRequest(InvocableHandlerMethod.java:152)
	at org.springframework.web.servlet.mvc.method.annotation.ServletInvocableHandlerMethod.invokeAndHandle(ServletInvocableHandlerMethod.java:117)
	at org.springframework.web.servlet.mvc.method.annotation.RequestMappingHandlerAdapter.invokeHandlerMethod(RequestMappingHandlerAdapter.java:884)
	at org.springframework.web.servlet.mvc.method.annotation.RequestMappingHandlerAdapter.handleInternal(RequestMappingHandlerAdapter.java:797)
	at org.springframework.web.servlet.mvc.method.AbstractHandlerMethodAdapter.handle(AbstractHandlerMethodAdapter.java:87)
	at org.springframework.web.servlet.DispatcherServlet.doDispatch(DispatcherServlet.java:1080)
	at org.springframework.web.servlet.DispatcherServlet.doService(DispatcherServlet.java:973)
	at org.springframework.web.servlet.FrameworkServlet.processRequest(FrameworkServlet.java:1003)
	at org.springframework.web.servlet.FrameworkServlet.doPost(FrameworkServlet.java:906)
	at jakarta.servlet.http.HttpServlet.service(HttpServlet.java:731)
	at org.springframework.web.servlet.FrameworkServlet.service(FrameworkServlet.java:880)
	at jakarta.servlet.http.HttpServlet.service(HttpServlet.java:814)
	at org.apache.catalina.core.ApplicationFilterChain.internalDoFilter(ApplicationFilterChain.java:223)
	at org.apache.catalina.core.ApplicationFilterChain.doFilter(ApplicationFilterChain.java:158)
	at org.apache.tomcat.websocket.server.WsFilter.doFilter(WsFilter.java:53)
	at org.apache.catalina.core.ApplicationFilterChain.internalDoFilter(ApplicationFilterChain.java:185)
	at org.apache.catalina.core.ApplicationFilterChain.doFilter(ApplicationFilterChain.java:158)
	at org.springframework.web.filter.RequestContextFilter.doFilterInternal(RequestContextFilter.java:100)
	at org.springframework.web.filter.OncePerRequestFilter.doFilter(OncePerRequestFilter.java:116)
	at org.apache.catalina.core.ApplicationFilterChain.internalDoFilter(ApplicationFilterChain.java:185)
	at org.apache.catalina.core.ApplicationFilterChain.doFilter(ApplicationFilterChain.java:158)
	at org.springframework.web.filter.FormContentFilter.doFilterInternal(FormContentFilter.java:93)
	at org.springframework.web.filter.OncePerRequestFilter.doFilter(OncePerRequestFilter.java:116)
	at org.apache.catalina.core.ApplicationFilterChain.internalDoFilter(ApplicationFilterChain.java:185)
	at org.apache.catalina.core.ApplicationFilterChain.doFilter(ApplicationFilterChain.java:158)
	at org.springframework.web.filter.CharacterEncodingFilter.doFilterInternal(CharacterEncodingFilter.java:201)
	at org.springframework.web.filter.OncePerRequestFilter.doFilter(OncePerRequestFilter.java:116)
	at org.apache.catalina.core.ApplicationFilterChain.internalDoFilter(ApplicationFilterChain.java:185)
	at org.apache.catalina.core.ApplicationFilterChain.doFilter(ApplicationFilterChain.java:158)
	at org.apache.catalina.core.StandardWrapperValve.invoke(StandardWrapperValve.java:197)
	at org.apache.catalina.core.StandardContextValve.invoke(StandardContextValve.java:97)
	at org.apache.catalina.authenticator.AuthenticatorBase.invoke(AuthenticatorBase.java:542)
	at org.apache.catalina.core.StandardHostValve.invoke(StandardHostValve.java:119)
	at org.apache.catalina.valves.ErrorReportValve.invoke(ErrorReportValve.java:92)
	at org.apache.catalina.core.StandardEngineValve.invoke(StandardEngineValve.java:78)
	at org.apache.catalina.connector.CoyoteAdapter.service(CoyoteAdapter.java:357)
	at org.apache.coyote.http11.Http11Processor.service(Http11Processor.java:400)
	at org.apache.coyote.AbstractProcessorLight.process(AbstractProcessorLight.java:65)
	at org.apache.coyote.AbstractProtocol$ConnectionHandler.process(AbstractProtocol.java:861)
	at org.apache.tomcat.util.net.NioEndpoint$SocketProcessor.doRun(NioEndpoint.java:1739)
	at org.apache.tomcat.util.net.SocketProcessorBase.run(SocketProcessorBase.java:52)
	at org.apache.tomcat.util.threads.ThreadPoolExecutor.runWorker(ThreadPoolExecutor.java:1191)
	at org.apache.tomcat.util.threads.ThreadPoolExecutor$Worker.run(ThreadPoolExecutor.java:659)
	at org.apache.tomcat.util.threads.TaskThread$WrappingRunnable.run(TaskThread.java:61)
	at java.base/java.lang.Thread.run(Thread.java:833)
Caused by: org.apache.ibatis.exceptions.PersistenceException: 
### Error querying database.  Cause: org.springframework.jdbc.CannotGetJdbcConnectionException: Failed to obtain JDBC Connection
### The error may exist in file [E:\Springboot\train1\member\target\classes\mapper\MemberMapper.xml]
### The error may involve com.jiawa.train.member.mapper.MemberMapper.selectByExample
### The error occurred while executing a query
### Cause: org.springframework.jdbc.CannotGetJdbcConnectionException: Failed to obtain JDBC Connection
	at org.apache.ibatis.exceptions.ExceptionFactory.wrapException(ExceptionFactory.java:30)
	at org.apache.ibatis.session.defaults.DefaultSqlSession.selectList(DefaultSqlSession.java:153)
	at org.apache.ibatis.session.defaults.DefaultSqlSession.selectList(DefaultSqlSession.java:145)
	at org.apache.ibatis.session.defaults.DefaultSqlSession.selectList(DefaultSqlSession.java:140)
	at java.base/jdk.internal.reflect.NativeMethodAccessorImpl.invoke0(Native Method)
	at java.base/jdk.internal.reflect.NativeMethodAccessorImpl.invoke(NativeMethodAccessorImpl.java:77)
	at java.base/jdk.internal.reflect.DelegatingMethodAccessorImpl.invoke(DelegatingMethodAccessorImpl.java:43)
	at java.base/java.lang.reflect.Method.invoke(Method.java:568)
	at org.mybatis.spring.SqlSessionTemplate$SqlSessionInterceptor.invoke(SqlSessionTemplate.java:425)
	... 87 common frames omitted
Caused by: org.springframework.jdbc.CannotGetJdbcConnectionException: Failed to obtain JDBC Connection
	at org.springframework.jdbc.datasource.DataSourceUtils.getConnection(DataSourceUtils.java:83)
	at org.mybatis.spring.transaction.SpringManagedTransaction.openConnection(SpringManagedTransaction.java:80)
	at org.mybatis.spring.transaction.SpringManagedTransaction.getConnection(SpringManagedTransaction.java:67)
	at org.apache.ibatis.executor.BaseExecutor.getConnection(BaseExecutor.java:337)
	at org.apache.ibatis.executor.SimpleExecutor.prepareStatement(SimpleExecutor.java:86)
	at org.apache.ibatis.executor.SimpleExecutor.doQuery(SimpleExecutor.java:62)
	at org.apache.ibatis.executor.BaseExecutor.queryFromDatabase(BaseExecutor.java:325)
	at org.apache.ibatis.executor.BaseExecutor.query(BaseExecutor.java:156)
	at org.apache.ibatis.executor.CachingExecutor.query(CachingExecutor.java:109)
	at com.github.pagehelper.PageInterceptor.intercept(PageInterceptor.java:151)
	at org.apache.ibatis.plugin.Plugin.invoke(Plugin.java:62)
	at jdk.proxy2/jdk.proxy2.$Proxy109.query(Unknown Source)
	at org.apache.ibatis.session.defaults.DefaultSqlSession.selectList(DefaultSqlSession.java:151)
	... 94 common frames omitted
Caused by: java.sql.SQLException: Access denied for user 'root'@'localhost' (using password: NO)
	at com.mysql.cj.jdbc.exceptions.SQLError.createSQLException(SQLError.java:129)
	at com.mysql.cj.jdbc.exceptions.SQLError.createSQLException(SQLError.java:97)
	at com.mysql.cj.jdbc.exceptions.SQLExceptionsMapping.translateException(SQLExceptionsMapping.java:122)
	at com.mysql.cj.jdbc.ConnectionImpl.createNewIO(ConnectionImpl.java:836)
	at com.mysql.cj.jdbc.ConnectionImpl.<init>(ConnectionImpl.java:456)
	at com.mysql.cj.jdbc.ConnectionImpl.getInstance(ConnectionImpl.java:246)
	at com.mysql.cj.jdbc.NonRegisteringDriver.connect(NonRegisteringDriver.java:198)
	at com.zaxxer.hikari.util.DriverDataSource.getConnection(DriverDataSource.java:138)
	at com.zaxxer.hikari.pool.PoolBase.newConnection(PoolBase.java:359)
	at com.zaxxer.hikari.pool.PoolBase.newPoolEntry(PoolBase.java:201)
	at com.zaxxer.hikari.pool.HikariPool.createPoolEntry(HikariPool.java:470)
	at com.zaxxer.hikari.pool.HikariPool.checkFailFast(HikariPool.java:561)
	at com.zaxxer.hikari.pool.HikariPool.<init>(HikariPool.java:100)
	at com.zaxxer.hikari.HikariDataSource.getConnection(HikariDataSource.java:112)
	at org.springframework.jdbc.datasource.DataSourceUtils.fetchConnection(DataSourceUtils.java:159)
	at org.springframework.jdbc.datasource.DataSourceUtils.doGetConnection(DataSourceUtils.java:117)
	at org.springframework.jdbc.datasource.DataSourceUtils.getConnection(DataSourceUtils.java:80)
	... 106 common frames omitted
2023-11-20 14:17:44.392 WARN  o.s.w.s.m.m.a.ExceptionHandlerExceptionResolver   :207  [32m1700461063116eti  [0;39m Resolved [org.mybatis.spring.MyBatisSystemException]
2023-11-20 14:18:52.931 INFO  org.hibernate.validator.internal.util.Version     :21   [32m                  [0;39m HV000001: Hibernate Validator 8.0.0.Final
2023-11-20 14:18:52.966 INFO  com.jiawa.train.member.config.MemberApplication   :51   [32m                  [0;39m Starting MemberApplication using Java 17.0.4.1 with PID 15116 (E:\Springboot\train1\member\target\classes started by MK in E:\Springboot\train1)
2023-11-20 14:18:52.967 INFO  com.jiawa.train.member.config.MemberApplication   :630  [32m                  [0;39m No active profile set, falling back to 1 default profile: "default"
2023-11-20 14:18:53.013 INFO  o.s.b.d.env.DevToolsPropertyDefaultsPostProcessor :250  [32m                  [0;39m Devtools property defaults active! Set 'spring.devtools.add-properties' to 'false' to disable
2023-11-20 14:18:53.014 INFO  o.s.b.d.env.DevToolsPropertyDefaultsPostProcessor :250  [32m                  [0;39m For additional web related logging consider setting the 'logging.level.web' property to 'DEBUG'
2023-11-20 14:18:53.670 INFO  o.springframework.cloud.context.scope.GenericScope:282  [32m                  [0;39m BeanFactory id=b51d6f25-f5f0-38de-882a-1bde2b617ce2
2023-11-20 14:18:54.198 INFO  o.s.boot.web.embedded.tomcat.TomcatWebServer      :114  [32m                  [0;39m Tomcat initialized with port(s): 8082 (http)
2023-11-20 14:18:54.205 INFO  org.apache.coyote.http11.Http11NioProtocol        :173  [32m                  [0;39m Initializing ProtocolHandler ["http-nio-8082"]
2023-11-20 14:18:54.205 INFO  org.apache.catalina.core.StandardService          :173  [32m                  [0;39m Starting service [Tomcat]
2023-11-20 14:18:54.206 INFO  org.apache.catalina.core.StandardEngine           :173  [32m                  [0;39m Starting Servlet engine: [Apache Tomcat/10.1.1]
2023-11-20 14:18:54.250 INFO  o.a.c.c.C.[Tomcat].[localhost].[/member]          :173  [32m                  [0;39m Initializing Spring embedded WebApplicationContext
2023-11-20 14:18:54.251 INFO  o.s.b.w.s.c.ServletWebServerApplicationContext    :291  [32m                  [0;39m Root WebApplicationContext: initialization completed in 1236 ms
2023-11-20 14:18:54.844 WARN  o.s.core.LocalVariableTableParameterNameDiscoverer:123  [32m                  [0;39m Using deprecated '-debug' fallback for parameter name resolution. Compile the affected code with '-parameters' instead or avoid its introspection: com.github.pagehelper.autoconfigure.PageHelperStandardProperties
2023-11-20 14:18:54.999 WARN  o.s.b.d.autoconfigure.OptionalLiveReloadServer    :62   [32m                  [0;39m Unable to start LiveReload server
2023-11-20 14:18:55.130 INFO  org.apache.coyote.http11.Http11NioProtocol        :173  [32m                  [0;39m Starting ProtocolHandler ["http-nio-8082"]
2023-11-20 14:18:55.144 INFO  o.s.boot.web.embedded.tomcat.TomcatWebServer      :226  [32m                  [0;39m Tomcat started on port(s): 8082 (http) with context path '/member'
2023-11-20 14:18:55.225 INFO  com.jiawa.train.member.config.MemberApplication   :57   [32m                  [0;39m Started MemberApplication in 2.903 seconds (process running for 3.582)
2023-11-20 14:18:55.229 INFO  com.jiawa.train.member.config.MemberApplication   :23   [32m                  [0;39m 启动成功！！
2023-11-20 14:18:55.229 INFO  com.jiawa.train.member.config.MemberApplication   :24   [32m                  [0;39m 测试地址: 	http://127.0.0.1:8082/member/hello
2023-11-20 14:19:04.810 INFO  o.a.c.c.C.[Tomcat].[localhost].[/member]          :173  [32m                  [0;39m Initializing Spring DispatcherServlet 'dispatcherServlet'
2023-11-20 14:19:04.810 INFO  org.springframework.web.servlet.DispatcherServlet :525  [32m                  [0;39m Initializing Servlet 'dispatcherServlet'
2023-11-20 14:19:04.811 INFO  org.springframework.web.servlet.DispatcherServlet :547  [32m                  [0;39m Completed initialization in 1 ms
2023-11-20 14:19:04.908 INFO  com.jiawa.train.common.aspect.LogAspect           :48   [32m170046114482561u  [0;39m ------------- 开始 -------------
2023-11-20 14:19:04.908 INFO  com.jiawa.train.common.aspect.LogAspect           :49   [32m170046114482561u  [0;39m 请求地址: http://127.0.0.1:8082/member/member/send-code POST
2023-11-20 14:19:04.909 INFO  com.jiawa.train.common.aspect.LogAspect           :50   [32m170046114482561u  [0;39m 类名方法: com.jiawa.train.member.controller.MemberController.sendCode
2023-11-20 14:19:04.909 INFO  com.jiawa.train.common.aspect.LogAspect           :51   [32m170046114482561u  [0;39m 远程地址: 127.0.0.1
2023-11-20 14:19:04.945 INFO  com.jiawa.train.common.aspect.LogAspect           :72   [32m170046114482561u  [0;39m 请求参数: [{"mobile":"13000000000"}]
2023-11-20 14:19:04.980 INFO  com.zaxxer.hikari.HikariDataSource                :110  [32m170046114482561u  [0;39m HikariPool-1 - Starting...
2023-11-20 14:19:05.069 INFO  com.zaxxer.hikari.pool.HikariPool                 :565  [32m170046114482561u  [0;39m HikariPool-1 - Added connection com.mysql.cj.jdbc.ConnectionImpl@58e81883
2023-11-20 14:19:05.071 INFO  com.zaxxer.hikari.HikariDataSource                :123  [32m170046114482561u  [0;39m HikariPool-1 - Start completed.
2023-11-20 14:19:05.105 INFO  com.jiawa.train.member.service.MemberService      :65   [32m170046114482561u  [0;39m 手机号不存在，插入一条记录
2023-11-20 14:19:05.159 INFO  com.jiawa.train.member.service.MemberService      :76   [32m170046114482561u  [0;39m 生成短信验证码：37l6
2023-11-20 14:19:05.160 INFO  com.jiawa.train.member.service.MemberService      :79   [32m170046114482561u  [0;39m 保存短信记录表
2023-11-20 14:19:05.160 INFO  com.jiawa.train.member.service.MemberService      :82   [32m170046114482561u  [0;39m 对接短信通道
2023-11-20 14:19:05.163 INFO  com.jiawa.train.common.aspect.LogAspect           :84   [32m170046114482561u  [0;39m 返回结果: {"success":true}
2023-11-20 14:19:05.164 INFO  com.jiawa.train.common.aspect.LogAspect           :85   [32m170046114482561u  [0;39m ------------- 结束 耗时：257 ms -------------
2023-11-20 14:19:06.758 INFO  com.jiawa.train.common.aspect.LogAspect           :48   [32m1700461146750ihy  [0;39m ------------- 开始 -------------
2023-11-20 14:19:06.759 INFO  com.jiawa.train.common.aspect.LogAspect           :49   [32m1700461146750ihy  [0;39m 请求地址: http://127.0.0.1:8082/member/member/login POST
2023-11-20 14:19:06.759 INFO  com.jiawa.train.common.aspect.LogAspect           :50   [32m1700461146750ihy  [0;39m 类名方法: com.jiawa.train.member.controller.MemberController.login
2023-11-20 14:19:06.759 INFO  com.jiawa.train.common.aspect.LogAspect           :51   [32m1700461146750ihy  [0;39m 远程地址: 127.0.0.1
2023-11-20 14:19:06.760 INFO  com.jiawa.train.common.aspect.LogAspect           :72   [32m1700461146750ihy  [0;39m 请求参数: [{"code":"8888","mobile":"13000000000"}]
2023-11-20 14:19:07.282 INFO  com.jiawa.train.common.util.JwtUtil               :37   [32m1700461146750ihy  [0;39m 生成JWT token：eyJ0eXAiOiJKV1QiLCJhbGciOiJIUzI1NiJ9.eyJuYmYiOjE3MDA0NjExNDYsIm1vYmlsZSI6IjEzMDAwMDAwMDAwIiwiaWQiOjE3MjY0ODUyOTM0MjAzODQyNTYsImV4cCI6MTcwMDU0NzU0NiwiaWF0IjoxNzAwNDYxMTQ2fQ.VJwEfDcUmTw-d2mpDjvRJzMDGCFBVah-x1RD9Y6nYWo
2023-11-20 14:19:07.283 INFO  com.jiawa.train.common.aspect.LogAspect           :84   [32m1700461146750ihy  [0;39m 返回结果: {"content":{"id":1726485293420384256,"mobile":"13000000000","token":"eyJ0eXAiOiJKV1QiLCJhbGciOiJIUzI1NiJ9.eyJuYmYiOjE3MDA0NjExNDYsIm1vYmlsZSI6IjEzMDAwMDAwMDAwIiwiaWQiOjE3MjY0ODUyOTM0MjAzODQyNTYsImV4cCI6MTcwMDU0NzU0NiwiaWF0IjoxNzAwNDYxMTQ2fQ.VJwEfDcUmTw-d2mpDjvRJzMDGCFBVah-x1RD9Y6nYWo"},"success":true}
2023-11-20 14:19:07.284 INFO  com.jiawa.train.common.aspect.LogAspect           :85   [32m1700461146750ihy  [0;39m ------------- 结束 耗时：526 ms -------------
2023-11-20 14:19:09.833 INFO  c.jiawa.train.common.interceptor.MemberInterceptor:29   [32m1700461149833yke  [0;39m 获取会员登录token：eyJ0eXAiOiJKV1QiLCJhbGciOiJIUzI1NiJ9.eyJuYmYiOjE3MDA0NjExNDYsIm1vYmlsZSI6IjEzMDAwMDAwMDAwIiwiaWQiOjE3MjY0ODUyOTM0MjAzODQyNTYsImV4cCI6MTcwMDU0NzU0NiwiaWF0IjoxNzAwNDYxMTQ2fQ.VJwEfDcUmTw-d2mpDjvRJzMDGCFBVah-x1RD9Y6nYWo
2023-11-20 14:19:09.839 INFO  com.jiawa.train.common.util.JwtUtil               :55   [32m1700461149833yke  [0;39m 根据token获取原始内容：{"mobile":"13000000000","id":1726485293420384256}
2023-11-20 14:19:09.839 INFO  c.jiawa.train.common.interceptor.MemberInterceptor:31   [32m1700461149833yke  [0;39m 当前登录会员：{"mobile":"13000000000","id":1726485293420384256}
2023-11-20 14:19:09.854 INFO  com.jiawa.train.common.aspect.LogAspect           :48   [32m1700461149833yke  [0;39m ------------- 开始 -------------
2023-11-20 14:19:09.855 INFO  com.jiawa.train.common.aspect.LogAspect           :49   [32m1700461149833yke  [0;39m 请求地址: http://127.0.0.1:8082/member/passenger/query-list GET
2023-11-20 14:19:09.855 INFO  com.jiawa.train.common.aspect.LogAspect           :50   [32m1700461149833yke  [0;39m 类名方法: com.jiawa.train.member.controller.PassengerController.queryList
2023-11-20 14:19:09.855 INFO  com.jiawa.train.common.aspect.LogAspect           :51   [32m1700461149833yke  [0;39m 远程地址: 127.0.0.1
2023-11-20 14:19:09.857 INFO  com.jiawa.train.common.aspect.LogAspect           :72   [32m1700461149833yke  [0;39m 请求参数: [{"page":1,"size":10}]
2023-11-20 14:19:09.939 INFO  com.jiawa.train.member.service.PassengerService   :70   [32m1700461149833yke  [0;39m 总行数：0
2023-11-20 14:19:09.940 INFO  com.jiawa.train.member.service.PassengerService   :71   [32m1700461149833yke  [0;39m 总页数：0
2023-11-20 14:19:09.943 INFO  com.jiawa.train.common.aspect.LogAspect           :84   [32m1700461149833yke  [0;39m 返回结果: {"content":{"list":[],"total":0},"success":true}
2023-11-20 14:19:09.943 INFO  com.jiawa.train.common.aspect.LogAspect           :85   [32m1700461149833yke  [0;39m ------------- 结束 耗时：89 ms -------------
2023-11-20 14:19:13.416 INFO  c.jiawa.train.common.interceptor.MemberInterceptor:29   [32m1700461153416u7b  [0;39m 获取会员登录token：eyJ0eXAiOiJKV1QiLCJhbGciOiJIUzI1NiJ9.eyJuYmYiOjE3MDA0NjExNDYsIm1vYmlsZSI6IjEzMDAwMDAwMDAwIiwiaWQiOjE3MjY0ODUyOTM0MjAzODQyNTYsImV4cCI6MTcwMDU0NzU0NiwiaWF0IjoxNzAwNDYxMTQ2fQ.VJwEfDcUmTw-d2mpDjvRJzMDGCFBVah-x1RD9Y6nYWo
2023-11-20 14:19:13.416 INFO  com.jiawa.train.common.util.JwtUtil               :55   [32m1700461153416u7b  [0;39m 根据token获取原始内容：{"mobile":"13000000000","id":1726485293420384256}
2023-11-20 14:19:13.417 INFO  c.jiawa.train.common.interceptor.MemberInterceptor:31   [32m1700461153416u7b  [0;39m 当前登录会员：{"mobile":"13000000000","id":1726485293420384256}
2023-11-20 14:19:13.417 INFO  com.jiawa.train.common.aspect.LogAspect           :48   [32m1700461153416u7b  [0;39m ------------- 开始 -------------
2023-11-20 14:19:13.418 INFO  com.jiawa.train.common.aspect.LogAspect           :49   [32m1700461153416u7b  [0;39m 请求地址: http://127.0.0.1:8082/member/passenger/query-list GET
2023-11-20 14:19:13.418 INFO  com.jiawa.train.common.aspect.LogAspect           :50   [32m1700461153416u7b  [0;39m 类名方法: com.jiawa.train.member.controller.PassengerController.queryList
2023-11-20 14:19:13.418 INFO  com.jiawa.train.common.aspect.LogAspect           :51   [32m1700461153416u7b  [0;39m 远程地址: 127.0.0.1
2023-11-20 14:19:13.418 INFO  com.jiawa.train.common.aspect.LogAspect           :72   [32m1700461153416u7b  [0;39m 请求参数: [{"page":1,"size":10}]
2023-11-20 14:19:13.421 INFO  com.jiawa.train.member.service.PassengerService   :70   [32m1700461153416u7b  [0;39m 总行数：0
2023-11-20 14:19:13.422 INFO  com.jiawa.train.member.service.PassengerService   :71   [32m1700461153416u7b  [0;39m 总页数：0
2023-11-20 14:19:13.422 INFO  com.jiawa.train.common.aspect.LogAspect           :84   [32m1700461153416u7b  [0;39m 返回结果: {"content":{"list":[],"total":0},"success":true}
2023-11-20 14:19:13.423 INFO  com.jiawa.train.common.aspect.LogAspect           :85   [32m1700461153416u7b  [0;39m ------------- 结束 耗时：6 ms -------------
2023-11-20 14:19:36.203 INFO  c.jiawa.train.common.interceptor.MemberInterceptor:29   [32m1700461176203drw  [0;39m 获取会员登录token：eyJ0eXAiOiJKV1QiLCJhbGciOiJIUzI1NiJ9.eyJuYmYiOjE3MDA0NjExNDYsIm1vYmlsZSI6IjEzMDAwMDAwMDAwIiwiaWQiOjE3MjY0ODUyOTM0MjAzODQyNTYsImV4cCI6MTcwMDU0NzU0NiwiaWF0IjoxNzAwNDYxMTQ2fQ.VJwEfDcUmTw-d2mpDjvRJzMDGCFBVah-x1RD9Y6nYWo
2023-11-20 14:19:36.203 INFO  com.jiawa.train.common.util.JwtUtil               :55   [32m1700461176203drw  [0;39m 根据token获取原始内容：{"mobile":"13000000000","id":1726485293420384256}
2023-11-20 14:19:36.204 INFO  c.jiawa.train.common.interceptor.MemberInterceptor:31   [32m1700461176203drw  [0;39m 当前登录会员：{"mobile":"13000000000","id":1726485293420384256}
2023-11-20 14:19:36.317 INFO  com.jiawa.train.common.aspect.LogAspect           :48   [32m1700461176203drw  [0;39m ------------- 开始 -------------
2023-11-20 14:19:36.317 INFO  com.jiawa.train.common.aspect.LogAspect           :49   [32m1700461176203drw  [0;39m 请求地址: http://127.0.0.1:8082/member/passenger/save POST
2023-11-20 14:19:36.317 INFO  com.jiawa.train.common.aspect.LogAspect           :50   [32m1700461176203drw  [0;39m 类名方法: com.jiawa.train.member.controller.PassengerController.save
2023-11-20 14:19:36.317 INFO  com.jiawa.train.common.aspect.LogAspect           :51   [32m1700461176203drw  [0;39m 远程地址: 127.0.0.1
2023-11-20 14:19:36.319 INFO  com.jiawa.train.common.aspect.LogAspect           :72   [32m1700461176203drw  [0;39m 请求参数: [{"idCard":"410423199909226677","name":"yyg","type":"1"}]
2023-11-20 14:19:36.326 INFO  com.jiawa.train.common.aspect.LogAspect           :84   [32m1700461176203drw  [0;39m 返回结果: {"success":true}
2023-11-20 14:19:36.326 INFO  com.jiawa.train.common.aspect.LogAspect           :85   [32m1700461176203drw  [0;39m ------------- 结束 耗时：9 ms -------------
2023-11-20 14:19:36.349 INFO  c.jiawa.train.common.interceptor.MemberInterceptor:29   [32m1700461176349ahw  [0;39m 获取会员登录token：eyJ0eXAiOiJKV1QiLCJhbGciOiJIUzI1NiJ9.eyJuYmYiOjE3MDA0NjExNDYsIm1vYmlsZSI6IjEzMDAwMDAwMDAwIiwiaWQiOjE3MjY0ODUyOTM0MjAzODQyNTYsImV4cCI6MTcwMDU0NzU0NiwiaWF0IjoxNzAwNDYxMTQ2fQ.VJwEfDcUmTw-d2mpDjvRJzMDGCFBVah-x1RD9Y6nYWo
2023-11-20 14:19:36.350 INFO  com.jiawa.train.common.util.JwtUtil               :55   [32m1700461176349ahw  [0;39m 根据token获取原始内容：{"mobile":"13000000000","id":1726485293420384256}
2023-11-20 14:19:36.350 INFO  c.jiawa.train.common.interceptor.MemberInterceptor:31   [32m1700461176349ahw  [0;39m 当前登录会员：{"mobile":"13000000000","id":1726485293420384256}
2023-11-20 14:19:36.352 INFO  com.jiawa.train.common.aspect.LogAspect           :48   [32m1700461176349ahw  [0;39m ------------- 开始 -------------
2023-11-20 14:19:36.352 INFO  com.jiawa.train.common.aspect.LogAspect           :49   [32m1700461176349ahw  [0;39m 请求地址: http://127.0.0.1:8082/member/passenger/query-list GET
2023-11-20 14:19:36.352 INFO  com.jiawa.train.common.aspect.LogAspect           :50   [32m1700461176349ahw  [0;39m 类名方法: com.jiawa.train.member.controller.PassengerController.queryList
2023-11-20 14:19:36.353 INFO  com.jiawa.train.common.aspect.LogAspect           :51   [32m1700461176349ahw  [0;39m 远程地址: 127.0.0.1
2023-11-20 14:19:36.353 INFO  com.jiawa.train.common.aspect.LogAspect           :72   [32m1700461176349ahw  [0;39m 请求参数: [{"page":1,"size":10}]
2023-11-20 14:19:36.360 INFO  com.jiawa.train.member.service.PassengerService   :70   [32m1700461176349ahw  [0;39m 总行数：1
2023-11-20 14:19:36.360 INFO  com.jiawa.train.member.service.PassengerService   :71   [32m1700461176349ahw  [0;39m 总页数：1
2023-11-20 14:19:36.366 INFO  com.jiawa.train.common.aspect.LogAspect           :84   [32m1700461176349ahw  [0;39m 返回结果: {"content":{"list":[{"createTime":1700461176320,"id":1726485424140062720,"idCard":"410423199909226677","memberId":1726485293420384256,"name":"yyg","type":"1","updateTime":1700461176320}],"total":1},"success":true}
2023-11-20 14:19:36.367 INFO  com.jiawa.train.common.aspect.LogAspect           :85   [32m1700461176349ahw  [0;39m ------------- 结束 耗时：15 ms -------------
2023-11-20 14:20:29.329 INFO  c.jiawa.train.common.interceptor.MemberInterceptor:29   [32m1700461229329abl  [0;39m 获取会员登录token：eyJ0eXAiOiJKV1QiLCJhbGciOiJIUzI1NiJ9.eyJuYmYiOjE3MDA0NjExNDYsIm1vYmlsZSI6IjEzMDAwMDAwMDAwIiwiaWQiOjE3MjY0ODUyOTM0MjAzODQyNTYsImV4cCI6MTcwMDU0NzU0NiwiaWF0IjoxNzAwNDYxMTQ2fQ.VJwEfDcUmTw-d2mpDjvRJzMDGCFBVah-x1RD9Y6nYWo
2023-11-20 14:20:29.329 INFO  com.jiawa.train.common.util.JwtUtil               :55   [32m1700461229329abl  [0;39m 根据token获取原始内容：{"mobile":"13000000000","id":1726485293420384256}
2023-11-20 14:20:29.330 INFO  c.jiawa.train.common.interceptor.MemberInterceptor:31   [32m1700461229329abl  [0;39m 当前登录会员：{"mobile":"13000000000","id":1726485293420384256}
2023-11-20 14:20:29.330 INFO  com.jiawa.train.common.aspect.LogAspect           :48   [32m1700461229329abl  [0;39m ------------- 开始 -------------
2023-11-20 14:20:29.331 INFO  com.jiawa.train.common.aspect.LogAspect           :49   [32m1700461229329abl  [0;39m 请求地址: http://127.0.0.1:8082/member/passenger/save POST
2023-11-20 14:20:29.331 INFO  com.jiawa.train.common.aspect.LogAspect           :50   [32m1700461229329abl  [0;39m 类名方法: com.jiawa.train.member.controller.PassengerController.save
2023-11-20 14:20:29.331 INFO  com.jiawa.train.common.aspect.LogAspect           :51   [32m1700461229329abl  [0;39m 远程地址: 127.0.0.1
2023-11-20 14:20:29.331 INFO  com.jiawa.train.common.aspect.LogAspect           :72   [32m1700461229329abl  [0;39m 请求参数: [{"idCard":"123321200202039909","name":"mll","type":"3"}]
2023-11-20 14:20:29.336 INFO  com.jiawa.train.common.aspect.LogAspect           :84   [32m1700461229329abl  [0;39m 返回结果: {"success":true}
2023-11-20 14:20:29.336 INFO  com.jiawa.train.common.aspect.LogAspect           :85   [32m1700461229329abl  [0;39m ------------- 结束 耗时：6 ms -------------
2023-11-20 14:20:29.364 INFO  c.jiawa.train.common.interceptor.MemberInterceptor:29   [32m1700461229364uxy  [0;39m 获取会员登录token：eyJ0eXAiOiJKV1QiLCJhbGciOiJIUzI1NiJ9.eyJuYmYiOjE3MDA0NjExNDYsIm1vYmlsZSI6IjEzMDAwMDAwMDAwIiwiaWQiOjE3MjY0ODUyOTM0MjAzODQyNTYsImV4cCI6MTcwMDU0NzU0NiwiaWF0IjoxNzAwNDYxMTQ2fQ.VJwEfDcUmTw-d2mpDjvRJzMDGCFBVah-x1RD9Y6nYWo
2023-11-20 14:20:29.365 INFO  com.jiawa.train.common.util.JwtUtil               :55   [32m1700461229364uxy  [0;39m 根据token获取原始内容：{"mobile":"13000000000","id":1726485293420384256}
2023-11-20 14:20:29.365 INFO  c.jiawa.train.common.interceptor.MemberInterceptor:31   [32m1700461229364uxy  [0;39m 当前登录会员：{"mobile":"13000000000","id":1726485293420384256}
2023-11-20 14:20:29.366 INFO  com.jiawa.train.common.aspect.LogAspect           :48   [32m1700461229364uxy  [0;39m ------------- 开始 -------------
2023-11-20 14:20:29.366 INFO  com.jiawa.train.common.aspect.LogAspect           :49   [32m1700461229364uxy  [0;39m 请求地址: http://127.0.0.1:8082/member/passenger/query-list GET
2023-11-20 14:20:29.366 INFO  com.jiawa.train.common.aspect.LogAspect           :50   [32m1700461229364uxy  [0;39m 类名方法: com.jiawa.train.member.controller.PassengerController.queryList
2023-11-20 14:20:29.366 INFO  com.jiawa.train.common.aspect.LogAspect           :51   [32m1700461229364uxy  [0;39m 远程地址: 127.0.0.1
2023-11-20 14:20:29.366 INFO  com.jiawa.train.common.aspect.LogAspect           :72   [32m1700461229364uxy  [0;39m 请求参数: [{"page":1,"size":10}]
2023-11-20 14:20:29.370 INFO  com.jiawa.train.member.service.PassengerService   :70   [32m1700461229364uxy  [0;39m 总行数：2
2023-11-20 14:20:29.371 INFO  com.jiawa.train.member.service.PassengerService   :71   [32m1700461229364uxy  [0;39m 总页数：1
2023-11-20 14:20:29.372 INFO  com.jiawa.train.common.aspect.LogAspect           :84   [32m1700461229364uxy  [0;39m 返回结果: {"content":{"list":[{"createTime":1700461176320,"id":1726485424140062720,"idCard":"410423199909226677","memberId":1726485293420384256,"name":"yyg","type":"1","updateTime":1700461176320},{"createTime":1700461229331,"id":1726485646484312064,"idCard":"123321200202039909","memberId":1726485293420384256,"name":"mll","type":"3","updateTime":1700461229331}],"total":2},"success":true}
2023-11-20 14:20:29.372 INFO  com.jiawa.train.common.aspect.LogAspect           :85   [32m1700461229364uxy  [0;39m ------------- 结束 耗时：6 ms -------------
2023-11-20 17:12:22.773 INFO  c.jiawa.train.common.interceptor.MemberInterceptor:29   [32m1700471542772arr  [0;39m 获取会员登录token：eyJ0eXAiOiJKV1QiLCJhbGciOiJIUzI1NiJ9.eyJuYmYiOjE3MDA0NjExNDYsIm1vYmlsZSI6IjEzMDAwMDAwMDAwIiwiaWQiOjE3MjY0ODUyOTM0MjAzODQyNTYsImV4cCI6MTcwMDU0NzU0NiwiaWF0IjoxNzAwNDYxMTQ2fQ.VJwEfDcUmTw-d2mpDjvRJzMDGCFBVah-x1RD9Y6nYWo
2023-11-20 17:12:22.783 INFO  com.jiawa.train.common.util.JwtUtil               :55   [32m1700471542772arr  [0;39m 根据token获取原始内容：{"mobile":"13000000000","id":1726485293420384256}
2023-11-20 17:12:22.784 INFO  c.jiawa.train.common.interceptor.MemberInterceptor:31   [32m1700471542772arr  [0;39m 当前登录会员：{"mobile":"13000000000","id":1726485293420384256}
2023-11-20 17:12:22.817 INFO  com.jiawa.train.common.aspect.LogAspect           :48   [32m1700471542772arr  [0;39m ------------- 开始 -------------
2023-11-20 17:12:22.818 INFO  com.jiawa.train.common.aspect.LogAspect           :49   [32m1700471542772arr  [0;39m 请求地址: http://127.0.0.1:8082/member/passenger/query-list GET
2023-11-20 17:12:22.818 INFO  com.jiawa.train.common.aspect.LogAspect           :50   [32m1700471542772arr  [0;39m 类名方法: com.jiawa.train.member.controller.PassengerController.queryList
2023-11-20 17:12:22.819 INFO  com.jiawa.train.common.aspect.LogAspect           :51   [32m1700471542772arr  [0;39m 远程地址: 127.0.0.1
2023-11-20 17:12:22.820 INFO  com.jiawa.train.common.aspect.LogAspect           :72   [32m1700471542772arr  [0;39m 请求参数: [{"page":1,"size":10}]
2023-11-20 17:12:22.838 INFO  com.jiawa.train.member.service.PassengerService   :70   [32m1700471542772arr  [0;39m 总行数：2
2023-11-20 17:12:22.839 INFO  com.jiawa.train.member.service.PassengerService   :71   [32m1700471542772arr  [0;39m 总页数：1
2023-11-20 17:12:22.840 INFO  com.jiawa.train.common.aspect.LogAspect           :84   [32m1700471542772arr  [0;39m 返回结果: {"content":{"list":[{"createTime":1700461176320,"id":1726485424140062720,"idCard":"410423199909226677","memberId":1726485293420384256,"name":"yyg","type":"1","updateTime":1700461176320},{"createTime":1700461229331,"id":1726485646484312064,"idCard":"123321200202039909","memberId":1726485293420384256,"name":"mll","type":"3","updateTime":1700461229331}],"total":2},"success":true}
2023-11-20 17:12:22.840 INFO  com.jiawa.train.common.aspect.LogAspect           :85   [32m1700471542772arr  [0;39m ------------- 结束 耗时：23 ms -------------
